This is pdfTeX, Version 3.14159265-2.6-1.40.17 (TeX Live 2016/Debian) (preloaded format=pdflatex 2018.11.21)  13 DEC 2019 12:22
entering extended mode
 restricted \write18 enabled.
 %&-line parsing enabled.
**BhabhaEfficiency_MartinSobotzik.tex
(./BhabhaEfficiency_MartinSobotzik.tex
LaTeX2e <2017/01/01> patch level 3
Babel <3.9r> and hyphenation patterns for 10 language(s) loaded.
(/usr/share/texlive/texmf-dist/tex/latex/beamer/beamer.cls
Document Class: beamer 2017/01/22 v3.40 A class for typesetting presentations
(/usr/share/texlive/texmf-dist/tex/latex/etoolbox/etoolbox.sty
Package: etoolbox 2017/01/02 v2.4 e-TeX tools for LaTeX (JAW)
\etb@tempcnta=\count79
)
(/usr/share/texlive/texmf-dist/tex/latex/beamer/beamerbasemodes.sty
\beamer@tempbox=\box26
\beamer@tempcount=\count80
\c@beamerpauses=\count81

(/usr/share/texlive/texmf-dist/tex/latex/beamer/beamerbasedecode.sty
\beamer@slideinframe=\count82
\beamer@minimum=\count83
)
\beamer@commentbox=\box27
\beamer@modecount=\count84
)
(/usr/share/texlive/texmf-dist/tex/generic/oberdiek/ifpdf.sty
Package: ifpdf 2016/05/14 v3.1 Provides the ifpdf switch
)
\headheight=\dimen102
\headdp=\dimen103
\footheight=\dimen104
\sidebarheight=\dimen105
\beamer@tempdim=\dimen106
\beamer@finalheight=\dimen107
\beamer@animht=\dimen108
\beamer@animdp=\dimen109
\beamer@animwd=\dimen110
\beamer@leftmargin=\dimen111
\beamer@rightmargin=\dimen112
\beamer@leftsidebar=\dimen113
\beamer@rightsidebar=\dimen114
\beamer@boxsize=\dimen115
\beamer@vboxoffset=\dimen116
\beamer@descdefault=\dimen117
\beamer@descriptionwidth=\dimen118
\beamer@lastskip=\skip41
\beamer@areabox=\box28
\beamer@animcurrent=\box29
\beamer@animshowbox=\box30
\beamer@sectionbox=\box31
\beamer@logobox=\box32
\beamer@linebox=\box33
\beamer@sectioncount=\count85
\beamer@subsubsectionmax=\count86
\beamer@subsectionmax=\count87
\beamer@sectionmax=\count88
\beamer@totalheads=\count89
\beamer@headcounter=\count90
\beamer@partstartpage=\count91
\beamer@sectionstartpage=\count92
\beamer@subsectionstartpage=\count93
\beamer@animationtempa=\count94
\beamer@animationtempb=\count95
\beamer@xpos=\count96
\beamer@ypos=\count97
\beamer@showpartnumber=\count98
\beamer@currentsubsection=\count99
\beamer@coveringdepth=\count100
\beamer@sectionadjust=\count101
\beamer@tocsectionnumber=\count102

(/usr/share/texlive/texmf-dist/tex/latex/beamer/beamerbaseoptions.sty
(/usr/share/texlive/texmf-dist/tex/latex/graphics/keyval.sty
Package: keyval 2014/10/28 v1.15 key=value parser (DPC)
\KV@toks@=\toks14
))
\beamer@paperwidth=\skip42
\beamer@paperheight=\skip43

(/usr/share/texlive/texmf-dist/tex/latex/geometry/geometry.sty
Package: geometry 2010/09/12 v5.6 Page Geometry

(/usr/share/texlive/texmf-dist/tex/generic/oberdiek/ifvtex.sty
Package: ifvtex 2016/05/16 v1.6 Detect VTeX and its facilities (HO)
Package ifvtex Info: VTeX not detected.
)
(/usr/share/texlive/texmf-dist/tex/generic/ifxetex/ifxetex.sty
Package: ifxetex 2010/09/12 v0.6 Provides ifxetex conditional
)
\Gm@cnth=\count103
\Gm@cntv=\count104
\c@Gm@tempcnt=\count105
\Gm@bindingoffset=\dimen119
\Gm@wd@mp=\dimen120
\Gm@odd@mp=\dimen121
\Gm@even@mp=\dimen122
\Gm@layoutwidth=\dimen123
\Gm@layoutheight=\dimen124
\Gm@layouthoffset=\dimen125
\Gm@layoutvoffset=\dimen126
\Gm@dimlist=\toks15
)
(/usr/share/texlive/texmf-dist/tex/latex/base/size10.clo
File: size10.clo 2014/09/29 v1.4h Standard LaTeX file (size option)
)
(/usr/share/texlive/texmf-dist/tex/latex/pgf/basiclayer/pgfcore.sty
(/usr/share/texlive/texmf-dist/tex/latex/graphics/graphicx.sty
Package: graphicx 2014/10/28 v1.0g Enhanced LaTeX Graphics (DPC,SPQR)

(/usr/share/texlive/texmf-dist/tex/latex/graphics/graphics.sty
Package: graphics 2016/10/09 v1.0u Standard LaTeX Graphics (DPC,SPQR)

(/usr/share/texlive/texmf-dist/tex/latex/graphics/trig.sty
Package: trig 2016/01/03 v1.10 sin cos tan (DPC)
)
(/usr/share/texlive/texmf-dist/tex/latex/graphics-cfg/graphics.cfg
File: graphics.cfg 2016/06/04 v1.11 sample graphics configuration
)
Package graphics Info: Driver file: pdftex.def on input line 99.

(/usr/share/texlive/texmf-dist/tex/latex/graphics-def/pdftex.def
File: pdftex.def 2017/01/12 v0.06k Graphics/color for pdfTeX

(/usr/share/texlive/texmf-dist/tex/generic/oberdiek/infwarerr.sty
Package: infwarerr 2016/05/16 v1.4 Providing info/warning/error messages (HO)
)
(/usr/share/texlive/texmf-dist/tex/generic/oberdiek/ltxcmds.sty
Package: ltxcmds 2016/05/16 v1.23 LaTeX kernel commands for general use (HO)
)
\Gread@gobject=\count106
))
\Gin@req@height=\dimen127
\Gin@req@width=\dimen128
)
(/usr/share/texlive/texmf-dist/tex/latex/pgf/systemlayer/pgfsys.sty
(/usr/share/texlive/texmf-dist/tex/latex/pgf/utilities/pgfrcs.sty
(/usr/share/texlive/texmf-dist/tex/generic/pgf/utilities/pgfutil-common.tex
\pgfutil@everybye=\toks16
\pgfutil@tempdima=\dimen129
\pgfutil@tempdimb=\dimen130

(/usr/share/texlive/texmf-dist/tex/generic/pgf/utilities/pgfutil-common-lists.t
ex)) (/usr/share/texlive/texmf-dist/tex/generic/pgf/utilities/pgfutil-latex.def
\pgfutil@abb=\box34
(/usr/share/texlive/texmf-dist/tex/latex/ms/everyshi.sty
Package: everyshi 2001/05/15 v3.00 EveryShipout Package (MS)
))
(/usr/share/texlive/texmf-dist/tex/generic/pgf/utilities/pgfrcs.code.tex
Package: pgfrcs 2015/08/07 v3.0.1a (rcs-revision 1.31)
))
(/usr/share/texlive/texmf-dist/tex/generic/pgf/systemlayer/pgfsys.code.tex
Package: pgfsys 2014/07/09 v3.0.1a (rcs-revision 1.48)

(/usr/share/texlive/texmf-dist/tex/generic/pgf/utilities/pgfkeys.code.tex
\pgfkeys@pathtoks=\toks17
\pgfkeys@temptoks=\toks18

(/usr/share/texlive/texmf-dist/tex/generic/pgf/utilities/pgfkeysfiltered.code.t
ex
\pgfkeys@tmptoks=\toks19
))
\pgf@x=\dimen131
\pgf@y=\dimen132
\pgf@xa=\dimen133
\pgf@ya=\dimen134
\pgf@xb=\dimen135
\pgf@yb=\dimen136
\pgf@xc=\dimen137
\pgf@yc=\dimen138
\w@pgf@writea=\write3
\r@pgf@reada=\read1
\c@pgf@counta=\count107
\c@pgf@countb=\count108
\c@pgf@countc=\count109
\c@pgf@countd=\count110
\t@pgf@toka=\toks20
\t@pgf@tokb=\toks21
\t@pgf@tokc=\toks22
 (/usr/share/texlive/texmf-dist/tex/generic/pgf/systemlayer/pgf.cfg
File: pgf.cfg 2008/05/14  (rcs-revision 1.7)
)
Driver file for pgf: pgfsys-pdftex.def

(/usr/share/texlive/texmf-dist/tex/generic/pgf/systemlayer/pgfsys-pdftex.def
File: pgfsys-pdftex.def 2014/10/11  (rcs-revision 1.35)

(/usr/share/texlive/texmf-dist/tex/generic/pgf/systemlayer/pgfsys-common-pdf.de
f
File: pgfsys-common-pdf.def 2013/10/10  (rcs-revision 1.13)
)))
(/usr/share/texlive/texmf-dist/tex/generic/pgf/systemlayer/pgfsyssoftpath.code.
tex
File: pgfsyssoftpath.code.tex 2013/09/09  (rcs-revision 1.9)
\pgfsyssoftpath@smallbuffer@items=\count111
\pgfsyssoftpath@bigbuffer@items=\count112
)
(/usr/share/texlive/texmf-dist/tex/generic/pgf/systemlayer/pgfsysprotocol.code.
tex
File: pgfsysprotocol.code.tex 2006/10/16  (rcs-revision 1.4)
)) (/usr/share/texlive/texmf-dist/tex/latex/xcolor/xcolor.sty
Package: xcolor 2016/05/11 v2.12 LaTeX color extensions (UK)

(/usr/share/texlive/texmf-dist/tex/latex/graphics-cfg/color.cfg
File: color.cfg 2016/01/02 v1.6 sample color configuration
)
Package xcolor Info: Driver file: pdftex.def on input line 225.
Package xcolor Info: Model `cmy' substituted by `cmy0' on input line 1348.
Package xcolor Info: Model `hsb' substituted by `rgb' on input line 1352.
Package xcolor Info: Model `RGB' extended on input line 1364.
Package xcolor Info: Model `HTML' substituted by `rgb' on input line 1366.
Package xcolor Info: Model `Hsb' substituted by `hsb' on input line 1367.
Package xcolor Info: Model `tHsb' substituted by `hsb' on input line 1368.
Package xcolor Info: Model `HSB' substituted by `hsb' on input line 1369.
Package xcolor Info: Model `Gray' substituted by `gray' on input line 1370.
Package xcolor Info: Model `wave' substituted by `hsb' on input line 1371.
)
(/usr/share/texlive/texmf-dist/tex/generic/pgf/basiclayer/pgfcore.code.tex
Package: pgfcore 2010/04/11 v3.0.1a (rcs-revision 1.7)

(/usr/share/texlive/texmf-dist/tex/generic/pgf/math/pgfmath.code.tex
(/usr/share/texlive/texmf-dist/tex/generic/pgf/math/pgfmathcalc.code.tex
(/usr/share/texlive/texmf-dist/tex/generic/pgf/math/pgfmathutil.code.tex)
(/usr/share/texlive/texmf-dist/tex/generic/pgf/math/pgfmathparser.code.tex
\pgfmath@dimen=\dimen139
\pgfmath@count=\count113
\pgfmath@box=\box35
\pgfmath@toks=\toks23
\pgfmath@stack@operand=\toks24
\pgfmath@stack@operation=\toks25
)
(/usr/share/texlive/texmf-dist/tex/generic/pgf/math/pgfmathfunctions.code.tex
(/usr/share/texlive/texmf-dist/tex/generic/pgf/math/pgfmathfunctions.basic.code
.tex)
(/usr/share/texlive/texmf-dist/tex/generic/pgf/math/pgfmathfunctions.trigonomet
ric.code.tex)
(/usr/share/texlive/texmf-dist/tex/generic/pgf/math/pgfmathfunctions.random.cod
e.tex)
(/usr/share/texlive/texmf-dist/tex/generic/pgf/math/pgfmathfunctions.comparison
.code.tex)
(/usr/share/texlive/texmf-dist/tex/generic/pgf/math/pgfmathfunctions.base.code.
tex)
(/usr/share/texlive/texmf-dist/tex/generic/pgf/math/pgfmathfunctions.round.code
.tex)
(/usr/share/texlive/texmf-dist/tex/generic/pgf/math/pgfmathfunctions.misc.code.
tex)
(/usr/share/texlive/texmf-dist/tex/generic/pgf/math/pgfmathfunctions.integerari
thmetics.code.tex)))
(/usr/share/texlive/texmf-dist/tex/generic/pgf/math/pgfmathfloat.code.tex
\c@pgfmathroundto@lastzeros=\count114
))
(/usr/share/texlive/texmf-dist/tex/generic/pgf/basiclayer/pgfcorepoints.code.te
x
File: pgfcorepoints.code.tex 2013/10/07  (rcs-revision 1.27)
\pgf@picminx=\dimen140
\pgf@picmaxx=\dimen141
\pgf@picminy=\dimen142
\pgf@picmaxy=\dimen143
\pgf@pathminx=\dimen144
\pgf@pathmaxx=\dimen145
\pgf@pathminy=\dimen146
\pgf@pathmaxy=\dimen147
\pgf@xx=\dimen148
\pgf@xy=\dimen149
\pgf@yx=\dimen150
\pgf@yy=\dimen151
\pgf@zx=\dimen152
\pgf@zy=\dimen153
)
(/usr/share/texlive/texmf-dist/tex/generic/pgf/basiclayer/pgfcorepathconstruct.
code.tex
File: pgfcorepathconstruct.code.tex 2013/10/07  (rcs-revision 1.29)
\pgf@path@lastx=\dimen154
\pgf@path@lasty=\dimen155
)
(/usr/share/texlive/texmf-dist/tex/generic/pgf/basiclayer/pgfcorepathusage.code
.tex
File: pgfcorepathusage.code.tex 2014/11/02  (rcs-revision 1.24)
\pgf@shorten@end@additional=\dimen156
\pgf@shorten@start@additional=\dimen157
)
(/usr/share/texlive/texmf-dist/tex/generic/pgf/basiclayer/pgfcorescopes.code.te
x
File: pgfcorescopes.code.tex 2015/05/08  (rcs-revision 1.46)
\pgfpic=\box36
\pgf@hbox=\box37
\pgf@layerbox@main=\box38
\pgf@picture@serial@count=\count115
)
(/usr/share/texlive/texmf-dist/tex/generic/pgf/basiclayer/pgfcoregraphicstate.c
ode.tex
File: pgfcoregraphicstate.code.tex 2014/11/02  (rcs-revision 1.12)
\pgflinewidth=\dimen158
)
(/usr/share/texlive/texmf-dist/tex/generic/pgf/basiclayer/pgfcoretransformation
s.code.tex
File: pgfcoretransformations.code.tex 2015/08/07  (rcs-revision 1.20)
\pgf@pt@x=\dimen159
\pgf@pt@y=\dimen160
\pgf@pt@temp=\dimen161
)
(/usr/share/texlive/texmf-dist/tex/generic/pgf/basiclayer/pgfcorequick.code.tex
File: pgfcorequick.code.tex 2008/10/09  (rcs-revision 1.3)
)
(/usr/share/texlive/texmf-dist/tex/generic/pgf/basiclayer/pgfcoreobjects.code.t
ex
File: pgfcoreobjects.code.tex 2006/10/11  (rcs-revision 1.2)
)
(/usr/share/texlive/texmf-dist/tex/generic/pgf/basiclayer/pgfcorepathprocessing
.code.tex
File: pgfcorepathprocessing.code.tex 2013/09/09  (rcs-revision 1.9)
)
(/usr/share/texlive/texmf-dist/tex/generic/pgf/basiclayer/pgfcorearrows.code.te
x
File: pgfcorearrows.code.tex 2015/05/14  (rcs-revision 1.43)
\pgfarrowsep=\dimen162
)
(/usr/share/texlive/texmf-dist/tex/generic/pgf/basiclayer/pgfcoreshade.code.tex
File: pgfcoreshade.code.tex 2013/07/15  (rcs-revision 1.15)
\pgf@max=\dimen163
\pgf@sys@shading@range@num=\count116
)
(/usr/share/texlive/texmf-dist/tex/generic/pgf/basiclayer/pgfcoreimage.code.tex
File: pgfcoreimage.code.tex 2013/07/15  (rcs-revision 1.18)

(/usr/share/texlive/texmf-dist/tex/generic/pgf/basiclayer/pgfcoreexternal.code.
tex
File: pgfcoreexternal.code.tex 2014/07/09  (rcs-revision 1.21)
\pgfexternal@startupbox=\box39
))
(/usr/share/texlive/texmf-dist/tex/generic/pgf/basiclayer/pgfcorelayers.code.te
x
File: pgfcorelayers.code.tex 2013/07/18  (rcs-revision 1.7)
)
(/usr/share/texlive/texmf-dist/tex/generic/pgf/basiclayer/pgfcoretransparency.c
ode.tex
File: pgfcoretransparency.code.tex 2013/09/30  (rcs-revision 1.5)
)
(/usr/share/texlive/texmf-dist/tex/generic/pgf/basiclayer/pgfcorepatterns.code.
tex
File: pgfcorepatterns.code.tex 2013/11/07  (rcs-revision 1.5)
))) (/usr/share/texlive/texmf-dist/tex/latex/pgf/utilities/xxcolor.sty
Package: xxcolor 2003/10/24 ver 0.1
\XC@nummixins=\count117
\XC@countmixins=\count118
)
(/usr/share/texlive/texmf-dist/tex/generic/oberdiek/atbegshi.sty
Package: atbegshi 2016/06/09 v1.18 At begin shipout hook (HO)
)
(/usr/share/texlive/texmf-dist/tex/latex/hyperref/hyperref.sty
Package: hyperref 2016/06/24 v6.83q Hypertext links for LaTeX

(/usr/share/texlive/texmf-dist/tex/generic/oberdiek/hobsub-hyperref.sty
Package: hobsub-hyperref 2016/05/16 v1.14 Bundle oberdiek, subset hyperref (HO)


(/usr/share/texlive/texmf-dist/tex/generic/oberdiek/hobsub-generic.sty
Package: hobsub-generic 2016/05/16 v1.14 Bundle oberdiek, subset generic (HO)
Package: hobsub 2016/05/16 v1.14 Construct package bundles (HO)
Package hobsub Info: Skipping package `infwarerr' (already loaded).
Package hobsub Info: Skipping package `ltxcmds' (already loaded).
Package: ifluatex 2016/05/16 v1.4 Provides the ifluatex switch (HO)
Package ifluatex Info: LuaTeX not detected.
Package hobsub Info: Skipping package `ifvtex' (already loaded).
Package: intcalc 2016/05/16 v1.2 Expandable calculations with integers (HO)
Package hobsub Info: Skipping package `ifpdf' (already loaded).
Package: etexcmds 2016/05/16 v1.6 Avoid name clashes with e-TeX commands (HO)
Package etexcmds Info: Could not find \expanded.
(etexcmds)             That can mean that you are not using pdfTeX 1.50 or
(etexcmds)             that some package has redefined \expanded.
(etexcmds)             In the latter case, load this package earlier.
Package: kvsetkeys 2016/05/16 v1.17 Key value parser (HO)
Package: kvdefinekeys 2016/05/16 v1.4 Define keys (HO)
Package: pdftexcmds 2016/05/21 v0.22 Utility functions of pdfTeX for LuaTeX (HO
)
Package pdftexcmds Info: LuaTeX not detected.
Package pdftexcmds Info: \pdf@primitive is available.
Package pdftexcmds Info: \pdf@ifprimitive is available.
Package pdftexcmds Info: \pdfdraftmode found.
Package: pdfescape 2016/05/16 v1.14 Implements pdfTeX's escape features (HO)
Package: bigintcalc 2016/05/16 v1.4 Expandable calculations on big integers (HO
)
Package: bitset 2016/05/16 v1.2 Handle bit-vector datatype (HO)
Package: uniquecounter 2016/05/16 v1.3 Provide unlimited unique counter (HO)
)
Package hobsub Info: Skipping package `hobsub' (already loaded).
Package: letltxmacro 2016/05/16 v1.5 Let assignment for LaTeX macros (HO)
Package: hopatch 2016/05/16 v1.3 Wrapper for package hooks (HO)
Package: xcolor-patch 2016/05/16 xcolor patch
Package: atveryend 2016/05/16 v1.9 Hooks at the very end of document (HO)
Package hobsub Info: Skipping package `atbegshi' (already loaded).
Package: refcount 2016/05/16 v3.5 Data extraction from label references (HO)
Package: hycolor 2016/05/16 v1.8 Color options for hyperref/bookmark (HO)
)
(/usr/share/texlive/texmf-dist/tex/latex/oberdiek/auxhook.sty
Package: auxhook 2016/05/16 v1.4 Hooks for auxiliary files (HO)
)
(/usr/share/texlive/texmf-dist/tex/latex/oberdiek/kvoptions.sty
Package: kvoptions 2016/05/16 v3.12 Key value format for package options (HO)
)
\@linkdim=\dimen164
\Hy@linkcounter=\count119
\Hy@pagecounter=\count120

(/usr/share/texlive/texmf-dist/tex/latex/hyperref/pd1enc.def
File: pd1enc.def 2016/06/24 v6.83q Hyperref: PDFDocEncoding definition (HO)
)
\Hy@SavedSpaceFactor=\count121

(/usr/share/texlive/texmf-dist/tex/latex/latexconfig/hyperref.cfg
File: hyperref.cfg 2002/06/06 v1.2 hyperref configuration of TeXLive
)
Package hyperref Info: Option `bookmarks' set `true' on input line 4362.
Package hyperref Info: Option `bookmarksopen' set `true' on input line 4362.
Package hyperref Info: Option `implicit' set `false' on input line 4362.
Package hyperref Info: Hyper figures OFF on input line 4486.
Package hyperref Info: Link nesting OFF on input line 4491.
Package hyperref Info: Hyper index ON on input line 4494.
Package hyperref Info: Plain pages OFF on input line 4501.
Package hyperref Info: Backreferencing OFF on input line 4506.
Package hyperref Info: Implicit mode OFF; no redefinition of LaTeX internals.
Package hyperref Info: Bookmarks ON on input line 4735.
\c@Hy@tempcnt=\count122

(/usr/share/texlive/texmf-dist/tex/latex/url/url.sty
\Urlmuskip=\muskip10
Package: url 2013/09/16  ver 3.4  Verb mode for urls, etc.
)
LaTeX Info: Redefining \url on input line 5088.
\XeTeXLinkMargin=\dimen165
\Fld@menulength=\count123
\Field@Width=\dimen166
\Fld@charsize=\dimen167
Package hyperref Info: Hyper figures OFF on input line 6342.
Package hyperref Info: Link nesting OFF on input line 6347.
Package hyperref Info: Hyper index ON on input line 6350.
Package hyperref Info: backreferencing OFF on input line 6357.
Package hyperref Info: Link coloring OFF on input line 6362.
Package hyperref Info: Link coloring with OCG OFF on input line 6367.
Package hyperref Info: PDF/A mode OFF on input line 6372.
LaTeX Info: Redefining \ref on input line 6412.
LaTeX Info: Redefining \pageref on input line 6416.
\Hy@abspage=\count124


Package hyperref Message: Stopped early.

)

Package hyperref Message: Driver (autodetected): hpdftex.

(/usr/share/texlive/texmf-dist/tex/latex/hyperref/hpdftex.def
File: hpdftex.def 2016/06/24 v6.83q Hyperref driver for pdfTeX
\Fld@listcount=\count125
\c@bookmark@seq@number=\count126

(/usr/share/texlive/texmf-dist/tex/latex/oberdiek/rerunfilecheck.sty
Package: rerunfilecheck 2016/05/16 v1.8 Rerun checks for auxiliary files (HO)
Package uniquecounter Info: New unique counter `rerunfilecheck' on input line 2
82.
))
(/usr/share/texlive/texmf-dist/tex/latex/beamer/beamerbaserequires.sty
(/usr/share/texlive/texmf-dist/tex/latex/beamer/beamerbasecompatibility.sty)
(/usr/share/texlive/texmf-dist/tex/latex/beamer/beamerbasefont.sty
(/usr/share/texlive/texmf-dist/tex/latex/amsfonts/amssymb.sty
Package: amssymb 2013/01/14 v3.01 AMS font symbols

(/usr/share/texlive/texmf-dist/tex/latex/amsfonts/amsfonts.sty
Package: amsfonts 2013/01/14 v3.01 Basic AMSFonts support
\@emptytoks=\toks26
\symAMSa=\mathgroup4
\symAMSb=\mathgroup5
LaTeX Font Info:    Overwriting math alphabet `\mathfrak' in version `bold'
(Font)                  U/euf/m/n --> U/euf/b/n on input line 106.
))
(/usr/share/texlive/texmf-dist/tex/latex/sansmathaccent/sansmathaccent.sty
Package: sansmathaccent 2013/03/28

(/usr/share/texlive/texmf-dist/tex/latex/filehook/filehook.sty
Package: filehook 2011/10/12 v0.5d Hooks for input files
)))
(/usr/share/texlive/texmf-dist/tex/latex/beamer/beamerbasetranslator.sty
(/usr/share/texlive/texmf-dist/tex/latex/beamer/translator/translator.sty
Package: translator 2010/06/12 ver 1.10

(/usr/share/texlive/texmf-dist/tex/latex/beamer/translator/translator-language-
mappings.tex)))
(/usr/share/texlive/texmf-dist/tex/latex/beamer/beamerbasemisc.sty)
(/usr/share/texlive/texmf-dist/tex/latex/beamer/beamerbasetwoscreens.sty)
(/usr/share/texlive/texmf-dist/tex/latex/beamer/beamerbaseoverlay.sty
\beamer@argscount=\count127
\beamer@lastskipcover=\skip44
\beamer@trivlistdepth=\count128
)
(/usr/share/texlive/texmf-dist/tex/latex/beamer/beamerbasetitle.sty)
(/usr/share/texlive/texmf-dist/tex/latex/beamer/beamerbasesection.sty
\c@lecture=\count129
\c@part=\count130
\c@section=\count131
\c@subsection=\count132
\c@subsubsection=\count133
)
(/usr/share/texlive/texmf-dist/tex/latex/beamer/beamerbaseframe.sty
\beamer@framebox=\box40
\beamer@frametitlebox=\box41
\beamer@zoombox=\box42
\beamer@zoomcount=\count134
\beamer@zoomframecount=\count135
\beamer@frametextheight=\dimen168
\c@subsectionslide=\count136
\beamer@frametopskip=\skip45
\beamer@framebottomskip=\skip46
\beamer@frametopskipautobreak=\skip47
\beamer@framebottomskipautobreak=\skip48
\beamer@envbody=\toks27
\framewidth=\dimen169
\c@framenumber=\count137
)
(/usr/share/texlive/texmf-dist/tex/latex/beamer/beamerbaseverbatim.sty
\beamer@verbatimfileout=\write4
)
(/usr/share/texlive/texmf-dist/tex/latex/beamer/beamerbaseframesize.sty
\beamer@splitbox=\box43
\beamer@autobreakcount=\count138
\beamer@autobreaklastheight=\dimen170
\beamer@frametitletoks=\toks28
\beamer@framesubtitletoks=\toks29
)
(/usr/share/texlive/texmf-dist/tex/latex/beamer/beamerbaseframecomponents.sty
\beamer@footins=\box44
)
(/usr/share/texlive/texmf-dist/tex/latex/beamer/beamerbasecolor.sty)
(/usr/share/texlive/texmf-dist/tex/latex/beamer/beamerbasenotes.sty
\beamer@frameboxcopy=\box45
)
(/usr/share/texlive/texmf-dist/tex/latex/beamer/beamerbasetoc.sty)
(/usr/share/texlive/texmf-dist/tex/latex/beamer/beamerbasetemplates.sty
\beamer@sbttoks=\toks30

(/usr/share/texlive/texmf-dist/tex/latex/beamer/beamerbaseauxtemplates.sty
(/usr/share/texlive/texmf-dist/tex/latex/beamer/beamerbaseboxes.sty
\bmb@box=\box46
\bmb@colorbox=\box47
\bmb@boxshadow=\box48
\bmb@boxshadowball=\box49
\bmb@boxshadowballlarge=\box50
\bmb@temp=\dimen171
\bmb@dima=\dimen172
\bmb@dimb=\dimen173
\bmb@prevheight=\dimen174
)
\beamer@blockheadheight=\dimen175
))
(/usr/share/texlive/texmf-dist/tex/latex/beamer/beamerbaselocalstructure.sty
(/usr/share/texlive/texmf-dist/tex/latex/tools/enumerate.sty
Package: enumerate 2015/07/23 v3.00 enumerate extensions (DPC)
\@enLab=\toks31
)
\c@figure=\count139
\c@table=\count140
\abovecaptionskip=\skip49
\belowcaptionskip=\skip50
)
(/usr/share/texlive/texmf-dist/tex/latex/beamer/beamerbasenavigation.sty
\beamer@section@min@dim=\dimen176
)
(/usr/share/texlive/texmf-dist/tex/latex/beamer/beamerbasetheorems.sty
(/usr/share/texlive/texmf-dist/tex/latex/amsmath/amsmath.sty
Package: amsmath 2016/11/05 v2.16a AMS math features
\@mathmargin=\skip51

For additional information on amsmath, use the `?' option.
(/usr/share/texlive/texmf-dist/tex/latex/amsmath/amstext.sty
Package: amstext 2000/06/29 v2.01 AMS text

(/usr/share/texlive/texmf-dist/tex/latex/amsmath/amsgen.sty
File: amsgen.sty 1999/11/30 v2.0 generic functions
\@emptytoks=\toks32
\ex@=\dimen177
))
(/usr/share/texlive/texmf-dist/tex/latex/amsmath/amsbsy.sty
Package: amsbsy 1999/11/29 v1.2d Bold Symbols
\pmbraise@=\dimen178
)
(/usr/share/texlive/texmf-dist/tex/latex/amsmath/amsopn.sty
Package: amsopn 2016/03/08 v2.02 operator names
)
\inf@bad=\count141
LaTeX Info: Redefining \frac on input line 213.
\uproot@=\count142
\leftroot@=\count143
LaTeX Info: Redefining \overline on input line 375.
\classnum@=\count144
\DOTSCASE@=\count145
LaTeX Info: Redefining \ldots on input line 472.
LaTeX Info: Redefining \dots on input line 475.
LaTeX Info: Redefining \cdots on input line 596.
\Mathstrutbox@=\box51
\strutbox@=\box52
\big@size=\dimen179
LaTeX Font Info:    Redeclaring font encoding OML on input line 712.
LaTeX Font Info:    Redeclaring font encoding OMS on input line 713.
\macc@depth=\count146
\c@MaxMatrixCols=\count147
\dotsspace@=\muskip11
\c@parentequation=\count148
\dspbrk@lvl=\count149
\tag@help=\toks33
\row@=\count150
\column@=\count151
\maxfields@=\count152
\andhelp@=\toks34
\eqnshift@=\dimen180
\alignsep@=\dimen181
\tagshift@=\dimen182
\tagwidth@=\dimen183
\totwidth@=\dimen184
\lineht@=\dimen185
\@envbody=\toks35
\multlinegap=\skip52
\multlinetaggap=\skip53
\mathdisplay@stack=\toks36
LaTeX Info: Redefining \[ on input line 2817.
LaTeX Info: Redefining \] on input line 2818.
)
(/usr/share/texlive/texmf-dist/tex/latex/amscls/amsthm.sty
Package: amsthm 2015/03/04 v2.20.2
\thm@style=\toks37
\thm@bodyfont=\toks38
\thm@headfont=\toks39
\thm@notefont=\toks40
\thm@headpunct=\toks41
\thm@preskip=\skip54
\thm@postskip=\skip55
\thm@headsep=\skip56
\dth@everypar=\toks42
)
\c@theorem=\count153
)
(/usr/share/texlive/texmf-dist/tex/latex/beamer/beamerbasethemes.sty))
(/usr/share/texlive/texmf-dist/tex/latex/beamer/themes/theme/beamerthemedefault
.sty
(/usr/share/texlive/texmf-dist/tex/latex/beamer/themes/font/beamerfontthemedefa
ult.sty)
(/usr/share/texlive/texmf-dist/tex/latex/beamer/themes/color/beamercolorthemede
fault.sty)
(/usr/share/texlive/texmf-dist/tex/latex/beamer/themes/inner/beamerinnerthemede
fault.sty
\beamer@dima=\dimen186
\beamer@dimb=\dimen187
)
(/usr/share/texlive/texmf-dist/tex/latex/beamer/themes/outer/beamerouterthemede
fault.sty)))
(/usr/share/texlive/texmf-dist/tex/latex/beamertheme-metropolis/beamerthememetr
opolis.sty
Package: beamerthememetropolis 2016/03/14 v1.1 Metropolis Beamer theme
 (/usr/share/texlive/texmf-dist/tex/latex/pgfopts/pgfopts.sty
Package: pgfopts 2014/07/10 v2.1a LaTeX package options with pgfkeys

(/usr/share/texlive/texmf-dist/tex/latex/pgf/utilities/pgfkeys.sty
(/usr/share/texlive/texmf-dist/tex/generic/pgf/utilities/pgfkeys.code.tex))
\pgfopts@list@add@a@toks=\toks43
\pgfopts@list@add@b@toks=\toks44
)
(/usr/share/texlive/texmf-dist/tex/latex/beamertheme-metropolis/beamerinnerthem
emetropolis.sty
Package: beamerinnerthememetropolis 2016/03/14 Metropolis inner theme
 (/usr/share/texlive/texmf-dist/tex/latex/tools/calc.sty
Package: calc 2014/10/28 v4.3 Infix arithmetic (KKT,FJ)
\calc@Acount=\count154
\calc@Bcount=\count155
\calc@Adimen=\dimen188
\calc@Bdimen=\dimen189
\calc@Askip=\skip57
\calc@Bskip=\skip58
LaTeX Info: Redefining \setlength on input line 80.
LaTeX Info: Redefining \addtolength on input line 81.
\calc@Ccount=\count156
\calc@Cskip=\skip59
)
(/usr/share/texlive/texmf-dist/tex/latex/pgf/frontendlayer/tikz.sty
(/usr/share/texlive/texmf-dist/tex/latex/pgf/basiclayer/pgf.sty
Package: pgf 2015/08/07 v3.0.1a (rcs-revision 1.15)

(/usr/share/texlive/texmf-dist/tex/generic/pgf/modules/pgfmoduleshapes.code.tex
File: pgfmoduleshapes.code.tex 2014/03/21  (rcs-revision 1.35)
\pgfnodeparttextbox=\box53
) (/usr/share/texlive/texmf-dist/tex/generic/pgf/modules/pgfmoduleplot.code.tex
File: pgfmoduleplot.code.tex 2015/08/03  (rcs-revision 1.13)
)
(/usr/share/texlive/texmf-dist/tex/latex/pgf/compatibility/pgfcomp-version-0-65
.sty
Package: pgfcomp-version-0-65 2007/07/03 v3.0.1a (rcs-revision 1.7)
\pgf@nodesepstart=\dimen190
\pgf@nodesepend=\dimen191
)
(/usr/share/texlive/texmf-dist/tex/latex/pgf/compatibility/pgfcomp-version-1-18
.sty
Package: pgfcomp-version-1-18 2007/07/23 v3.0.1a (rcs-revision 1.1)
)) (/usr/share/texlive/texmf-dist/tex/latex/pgf/utilities/pgffor.sty
(/usr/share/texlive/texmf-dist/tex/latex/pgf/math/pgfmath.sty
(/usr/share/texlive/texmf-dist/tex/generic/pgf/math/pgfmath.code.tex))
(/usr/share/texlive/texmf-dist/tex/generic/pgf/utilities/pgffor.code.tex
Package: pgffor 2013/12/13 v3.0.1a (rcs-revision 1.25)

(/usr/share/texlive/texmf-dist/tex/generic/pgf/math/pgfmath.code.tex)
\pgffor@iter=\dimen192
\pgffor@skip=\dimen193
\pgffor@stack=\toks45
\pgffor@toks=\toks46
))
(/usr/share/texlive/texmf-dist/tex/generic/pgf/frontendlayer/tikz/tikz.code.tex
Package: tikz 2015/08/07 v3.0.1a (rcs-revision 1.151)

(/usr/share/texlive/texmf-dist/tex/generic/pgf/libraries/pgflibraryplothandlers
.code.tex
File: pgflibraryplothandlers.code.tex 2013/08/31 v3.0.1a (rcs-revision 1.20)
\pgf@plot@mark@count=\count157
\pgfplotmarksize=\dimen194
)
\tikz@lastx=\dimen195
\tikz@lasty=\dimen196
\tikz@lastxsaved=\dimen197
\tikz@lastysaved=\dimen198
\tikzleveldistance=\dimen199
\tikzsiblingdistance=\dimen256
\tikz@figbox=\box54
\tikz@figbox@bg=\box55
\tikz@tempbox=\box56
\tikz@tempbox@bg=\box57
\tikztreelevel=\count158
\tikznumberofchildren=\count159
\tikznumberofcurrentchild=\count160
\tikz@fig@count=\count161

(/usr/share/texlive/texmf-dist/tex/generic/pgf/modules/pgfmodulematrix.code.tex
File: pgfmodulematrix.code.tex 2013/09/17  (rcs-revision 1.8)
\pgfmatrixcurrentrow=\count162
\pgfmatrixcurrentcolumn=\count163
\pgf@matrix@numberofcolumns=\count164
)
\tikz@expandcount=\count165

(/usr/share/texlive/texmf-dist/tex/generic/pgf/frontendlayer/tikz/libraries/tik
zlibrarytopaths.code.tex
File: tikzlibrarytopaths.code.tex 2008/06/17 v3.0.1a (rcs-revision 1.2)
)))
\metropolis@progressonsectionpage=\skip60
\metropolis@blocksep=\skip61
\metropolis@blockadjust=\skip62
\metropolis@parskip=\skip63
)
(/usr/share/texlive/texmf-dist/tex/latex/beamertheme-metropolis/beamerouterthem
emetropolis.sty
Package: beamerouterthememetropolis 2016/03/14 Metropolis outer theme
\metropolis@frametitle@padding=\skip64
\metropolis@progressinheadfoot=\skip65
)
(/usr/share/texlive/texmf-dist/tex/latex/beamertheme-metropolis/beamercolorthem
emetropolis.sty
Package: beamercolorthememetropolis 2016/03/14 Metropolis color theme
)
(/usr/share/texlive/texmf-dist/tex/latex/beamertheme-metropolis/beamerfonttheme
metropolis.sty
Package: beamerfontthememetropolis 2016/03/14 Metropolis font theme


Package beamerthememetropolis Warning: You need to compile with XeLaTeX or LuaL
aTeX to use the Fira fonts on input line 91.

))
(/usr/share/texlive/texmf-dist/tex/latex/appendixnumberbeamer/appendixnumberbea
mer.sty) (/usr/share/texlive/texmf-dist/tex/latex/booktabs/booktabs.sty
Package: booktabs 2016/04/27 v1.618033 publication quality tables
\heavyrulewidth=\dimen257
\lightrulewidth=\dimen258
\cmidrulewidth=\dimen259
\belowrulesep=\dimen260
\belowbottomsep=\dimen261
\aboverulesep=\dimen262
\abovetopsep=\dimen263
\cmidrulesep=\dimen264
\cmidrulekern=\dimen265
\defaultaddspace=\dimen266
\@cmidla=\count166
\@cmidlb=\count167
\@aboverulesep=\dimen267
\@belowrulesep=\dimen268
\@thisruleclass=\count168
\@lastruleclass=\count169
\@thisrulewidth=\dimen269
)
(/usr/share/texlive/texmf-dist/tex/latex/ccicons/ccicons.sty
Package: ccicons 2013/04/16 v1.5 LaTeX support for Creative Commons icons

(/usr/share/texlive/texmf-dist/tex/latex/xkeyval/xkeyval.sty
Package: xkeyval 2014/12/03 v2.7a package option processing (HA)

(/usr/share/texlive/texmf-dist/tex/generic/xkeyval/xkeyval.tex
(/usr/share/texlive/texmf-dist/tex/generic/xkeyval/xkvutils.tex
\XKV@toks=\toks47
\XKV@tempa@toks=\toks48
)
\XKV@depth=\count170
File: xkeyval.tex 2014/12/03 v2.7a key=value parser (HA)
)))
(/usr/share/texlive/texmf-dist/tex/latex/pgfplots/pgfplots.sty
(/usr/share/texlive/texmf-dist/tex/generic/pgfplots/pgfplots.revision.tex)
Package: pgfplots 2016/08/10 v1.14 Data Visualization (1.14)

(/usr/share/texlive/texmf-dist/tex/generic/pgfplots/pgfplots.code.tex
(/usr/share/texlive/texmf-dist/tex/generic/pgfplots/pgfplotscore.code.tex
\t@pgfplots@toka=\toks49
\t@pgfplots@tokb=\toks50
\t@pgfplots@tokc=\toks51
\pgfplots@tmpa=\dimen270
\c@pgfplots@coordindex=\count171
\c@pgfplots@scanlineindex=\count172

(/usr/share/texlive/texmf-dist/tex/generic/pgfplots/sys/pgfplotssysgeneric.code
.tex))
(/usr/share/texlive/texmf-dist/tex/generic/pgfplots/libs/pgfplotslibrary.code.t
ex)
(/usr/share/texlive/texmf-dist/tex/generic/pgfplots/oldpgfcompatib/pgfplotsoldp
gfsupp_loader.code.tex
(/usr/share/texlive/texmf-dist/tex/generic/pgf/libraries/pgflibraryfpu.code.tex
)
Package pgfplots: loading complementary arithmetics for your pgf version...

(/usr/share/texlive/texmf-dist/tex/generic/pgfplots/oldpgfcompatib/pgfplotsoldp
gfsupp_pgflibraryfpu.code.tex)
(/usr/share/texlive/texmf-dist/tex/generic/pgfplots/oldpgfcompatib/pgfplotsoldp
gfsupp_pgfmathfloat.code.tex
\c@pgfmathroundto@lastzeros=\count173
))
(/usr/share/texlive/texmf-dist/tex/generic/pgfplots/util/pgfplotsutil.code.tex
(/usr/share/texlive/texmf-dist/tex/generic/pgfplots/liststructure/pgfplotslists
tructure.code.tex)
(/usr/share/texlive/texmf-dist/tex/generic/pgfplots/liststructure/pgfplotslists
tructureext.code.tex)
(/usr/share/texlive/texmf-dist/tex/generic/pgfplots/liststructure/pgfplotsarray
.code.tex
\c@pgfplotsarray@tmp=\count174
)
(/usr/share/texlive/texmf-dist/tex/generic/pgfplots/liststructure/pgfplotsmatri
x.code.tex)
(/usr/share/texlive/texmf-dist/tex/generic/pgfplots/numtable/pgfplotstableshare
d.code.tex
\c@pgfplotstable@counta=\count175
\t@pgfplotstable@a=\toks52
)
(/usr/share/texlive/texmf-dist/tex/generic/pgfplots/liststructure/pgfplotsdeque
.code.tex)
(/usr/share/texlive/texmf-dist/tex/generic/pgfplots/util/pgfplotsbinary.code.te
x
(/usr/share/texlive/texmf-dist/tex/generic/pgfplots/util/pgfplotsbinary.data.co
de.tex))
(/usr/share/texlive/texmf-dist/tex/generic/pgfplots/util/pgfplotsutil.verb.code
.tex)
(/usr/share/texlive/texmf-dist/tex/generic/pgfplots/libs/pgflibrarypgfplots.sur
fshading.code.tex
\c@pgfplotslibrarysurf@no=\count176

(/usr/share/texlive/texmf-dist/tex/generic/pgfplots/sys/pgflibrarypgfplots.surf
shading.pgfsys-pdftex.def)))
(/usr/share/texlive/texmf-dist/tex/generic/pgfplots/util/pgfplotscolormap.code.
tex
(/usr/share/texlive/texmf-dist/tex/generic/pgfplots/util/pgfplotscolor.code.tex
))
(/usr/share/texlive/texmf-dist/tex/generic/pgfplots/pgfplotsstackedplots.code.t
ex)
(/usr/share/texlive/texmf-dist/tex/generic/pgfplots/pgfplotsplothandlers.code.t
ex
(/usr/share/texlive/texmf-dist/tex/generic/pgfplots/pgfplotsmeshplothandler.cod
e.tex
(/usr/share/texlive/texmf-dist/tex/generic/pgfplots/pgfplotsmeshplotimage.code.
tex)))
(/usr/share/texlive/texmf-dist/tex/generic/pgfplots/pgfplots.scaling.code.tex)
(/usr/share/texlive/texmf-dist/tex/generic/pgfplots/pgfplotscoordprocessing.cod
e.tex)
(/usr/share/texlive/texmf-dist/tex/generic/pgfplots/pgfplots.errorbars.code.tex
) (/usr/share/texlive/texmf-dist/tex/generic/pgfplots/pgfplots.markers.code.tex
) (/usr/share/texlive/texmf-dist/tex/generic/pgfplots/pgfplotsticks.code.tex)
(/usr/share/texlive/texmf-dist/tex/generic/pgfplots/pgfplots.paths.code.tex)
(/usr/share/texlive/texmf-dist/tex/generic/pgf/frontendlayer/tikz/libraries/tik
zlibrarydecorations.code.tex
(/usr/share/texlive/texmf-dist/tex/generic/pgf/modules/pgfmoduledecorations.cod
e.tex
\pgfdecoratedcompleteddistance=\dimen271
\pgfdecoratedremainingdistance=\dimen272
\pgfdecoratedinputsegmentcompleteddistance=\dimen273
\pgfdecoratedinputsegmentremainingdistance=\dimen274
\pgf@decorate@distancetomove=\dimen275
\pgf@decorate@repeatstate=\count177
\pgfdecorationsegmentamplitude=\dimen276
\pgfdecorationsegmentlength=\dimen277
)
\tikz@lib@dec@box=\box58
)
(/usr/share/texlive/texmf-dist/tex/generic/pgf/frontendlayer/tikz/libraries/tik
zlibrarydecorations.pathmorphing.code.tex
(/usr/share/texlive/texmf-dist/tex/generic/pgf/libraries/decorations/pgflibrary
decorations.pathmorphing.code.tex))
(/usr/share/texlive/texmf-dist/tex/generic/pgf/frontendlayer/tikz/libraries/tik
zlibrarydecorations.pathreplacing.code.tex
(/usr/share/texlive/texmf-dist/tex/generic/pgf/libraries/decorations/pgflibrary
decorations.pathreplacing.code.tex))
\pgfplots@numplots=\count178
\pgfplots@xmin@reg=\dimen278
\pgfplots@xmax@reg=\dimen279
\pgfplots@ymin@reg=\dimen280
\pgfplots@ymax@reg=\dimen281
\pgfplots@zmin@reg=\dimen282
\pgfplots@zmax@reg=\dimen283
)
(/usr/share/texlive/texmf-dist/tex/generic/pgf/frontendlayer/tikz/libraries/tik
zlibraryplotmarks.code.tex
File: tikzlibraryplotmarks.code.tex 2008/01/09 v3.0.1a (rcs-revision 1.1)

(/usr/share/texlive/texmf-dist/tex/generic/pgf/libraries/pgflibraryplotmarks.co
de.tex
File: pgflibraryplotmarks.code.tex 2015/08/03 v3.0.1a (rcs-revision 1.14)
)))
(/usr/share/texlive/texmf-dist/tex/generic/pgfplots/libs/tikzlibrarypgfplots.da
teplot.code.tex
(/usr/share/texlive/texmf-dist/tex/latex/pgf/utilities/pgfcalendar.sty
(/usr/share/texlive/texmf-dist/tex/generic/pgf/utilities/pgfcalendar.code.tex
File: pgfcalendar.code.tex 2007/07/23 v3.0.1a (rcs-revision 1.11)
\pgfcalendarcurrentjulian=\count179
))) (/usr/share/texlive/texmf-dist/tex/latex/caption/caption.sty
Package: caption 2016/02/21 v3.3-144 Customizing captions (AR)

(/usr/share/texlive/texmf-dist/tex/latex/caption/caption3.sty
Package: caption3 2016/05/22 v1.7-166 caption3 kernel (AR)
Package caption3 Info: TeX engine: e-TeX on input line 67.
\captionmargin=\dimen284
\captionmargin@=\dimen285
\captionwidth=\dimen286
\caption@tempdima=\dimen287
\caption@indent=\dimen288
\caption@parindent=\dimen289
\caption@hangindent=\dimen290
)
\c@ContinuedFloat=\count180
Package caption Info: beamer document class.
Package caption Info: hyperref package is loaded.
Package caption Info: Hyperref support is turned off
(caption)             because hyperref has stopped early.
)
(/usr/share/texlive/texmf-dist/tex/latex/caption/subcaption.sty
Package: subcaption 2016/05/22 v1.1-161 Sub-captions (AR)
\c@subfigure=\count181
\c@subtable=\count182
)
(/usr/share/texlive/texmf-dist/tex/latex/tools/xspace.sty
Package: xspace 2014/10/28 v1.13 Space after command names (DPC,MH)
)
(/usr/share/texlive/texmf-dist/tex/latex/textpos/textpos.sty
Package: textpos 2016/06/07 v1.8

Package: textpos 2016/06/07 1.8, absolute positioning of text on the page
\TP@textbox=\box59
\TPHorizModule=\dimen291
\TPVertModule=\dimen292
\TP@margin=\dimen293
\TP@absmargin=\dimen294
Grid set 16 x 16 = 22.7622pt x 17.07166pt
\TPboxrulesize=\dimen295
\TP@tbargs=\toks53
\TP@prevdepth=\dimen296
) (/usr/share/texlive/texmf-dist/tex/latex/base/makeidx.sty
Package: makeidx 2014/09/29 v1.0m Standard LaTeX package
)
(/usr/share/texlive/texmf-dist/tex/latex/tools/verbatim.sty
Package: verbatim 2014/10/28 v1.5q LaTeX2e package for verbatim enhancements
\every@verbatim=\toks54
\verbatim@line=\toks55
\verbatim@in@stream=\read2
)

Package hyperref Warning: Option `pdftex' has already been used,
(hyperref)                setting the option has no effect on input line 40.

Package hyperref Info: Option `colorlinks' set `true' on input line 40.
Package hyperref Info: Option `breaklinks' set `true' on input line 40.

Package hyperref Warning: Option `pagecolor' is not available anymore.


(/usr/share/texlive/texmf-dist/tex/latex/beamertheme-metropolis/pgfplotsthemeto
l.sty
Package: pgfplotsthemetol 2016/03/14 PGFplots colors based on Paul Tol's SRON t
echnical note
) (./BhabhaEfficiency_MartinSobotzik.aux)
\openout1 = `BhabhaEfficiency_MartinSobotzik.aux'.

LaTeX Font Info:    Checking defaults for OML/cmm/m/it on input line 46.
LaTeX Font Info:    ... okay on input line 46.
LaTeX Font Info:    Checking defaults for T1/cmr/m/n on input line 46.
LaTeX Font Info:    ... okay on input line 46.
LaTeX Font Info:    Checking defaults for OT1/cmr/m/n on input line 46.
LaTeX Font Info:    ... okay on input line 46.
LaTeX Font Info:    Checking defaults for OMS/cmsy/m/n on input line 46.
LaTeX Font Info:    ... okay on input line 46.
LaTeX Font Info:    Checking defaults for OMX/cmex/m/n on input line 46.
LaTeX Font Info:    ... okay on input line 46.
LaTeX Font Info:    Checking defaults for U/cmr/m/n on input line 46.
LaTeX Font Info:    ... okay on input line 46.
LaTeX Font Info:    Checking defaults for PD1/pdf/m/n on input line 46.
LaTeX Font Info:    ... okay on input line 46.

*geometry* driver: auto-detecting
*geometry* detected driver: pdftex
*geometry* verbose mode - [ preamble ] result:
* driver: pdftex
* paper: custom
* layout: <same size as paper>
* layoutoffset:(h,v)=(0.0pt,0.0pt)
* modes: includehead includefoot 
* h-part:(L,W,R)=(28.45274pt, 307.28987pt, 28.45274pt)
* v-part:(T,H,B)=(0.0pt, 273.14662pt, 0.0pt)
* \paperwidth=364.19536pt
* \paperheight=273.14662pt
* \textwidth=307.28987pt
* \textheight=244.6939pt
* \oddsidemargin=-43.81725pt
* \evensidemargin=-43.81725pt
* \topmargin=-72.26999pt
* \headheight=14.22636pt
* \headsep=0.0pt
* \topskip=10.0pt
* \footskip=14.22636pt
* \marginparwidth=3.0pt
* \marginparsep=11.0pt
* \columnsep=10.0pt
* \skip\footins=9.0pt plus 4.0pt minus 2.0pt
* \hoffset=0.0pt
* \voffset=0.0pt
* \mag=1000
* \@twocolumnfalse
* \@twosidefalse
* \@mparswitchfalse
* \@reversemarginfalse
* (1in=72.27pt=25.4mm, 1cm=28.453pt)

(/usr/share/texlive/texmf-dist/tex/context/base/mkii/supp-pdf.mkii
[Loading MPS to PDF converter (version 2006.09.02).]
\scratchcounter=\count183
\scratchdimen=\dimen297
\scratchbox=\box60
\nofMPsegments=\count184
\nofMParguments=\count185
\everyMPshowfont=\toks56
\MPscratchCnt=\count186
\MPscratchDim=\dimen298
\MPnumerator=\count187
\makeMPintoPDFobject=\count188
\everyMPtoPDFconversion=\toks57
) (/usr/share/texlive/texmf-dist/tex/latex/oberdiek/epstopdf-base.sty
Package: epstopdf-base 2016/05/15 v2.6 Base part for package epstopdf

(/usr/share/texlive/texmf-dist/tex/latex/oberdiek/grfext.sty
Package: grfext 2016/05/16 v1.2 Manage graphics extensions (HO)
)
Package epstopdf-base Info: Redefining graphics rule for `.eps' on input line 4
38.
Package grfext Info: Graphics extension search list:
(grfext)             [.png,.pdf,.jpg,.mps,.jpeg,.jbig2,.jb2,.PNG,.PDF,.JPG,.JPE
G,.JBIG2,.JB2,.eps]
(grfext)             \AppendGraphicsExtensions on input line 456.

(/usr/share/texlive/texmf-dist/tex/latex/latexconfig/epstopdf-sys.cfg
File: epstopdf-sys.cfg 2010/07/13 v1.3 Configuration of (r)epstopdf for TeX Liv
e
))
ABD: EveryShipout initializing macros
\AtBeginShipoutBox=\box61
Package hyperref Info: Link coloring ON on input line 46.

(/usr/share/texlive/texmf-dist/tex/latex/hyperref/nameref.sty
Package: nameref 2016/05/21 v2.44 Cross-referencing by name of section

(/usr/share/texlive/texmf-dist/tex/generic/oberdiek/gettitlestring.sty
Package: gettitlestring 2016/05/16 v1.5 Cleanup title references (HO)
)
\c@section@level=\count189
)
LaTeX Info: Redefining \ref on input line 46.
LaTeX Info: Redefining \pageref on input line 46.
LaTeX Info: Redefining \nameref on input line 46.

(./BhabhaEfficiency_MartinSobotzik.out) (./BhabhaEfficiency_MartinSobotzik.out)
\@outlinefile=\write5
\openout5 = `BhabhaEfficiency_MartinSobotzik.out'.

LaTeX Font Info:    Overwriting symbol font `operators' in version `normal'
(Font)                  OT1/cmr/m/n --> OT1/cmss/m/n on input line 46.
LaTeX Font Info:    Overwriting symbol font `operators' in version `bold'
(Font)                  OT1/cmr/bx/n --> OT1/cmss/bx/n on input line 46.
\symnumbers=\mathgroup6
\sympureletters=\mathgroup7
LaTeX Font Info:    Overwriting math alphabet `\mathrm' in version `normal'
(Font)                  OT1/cmss/m/n --> OT1/cmr/m/n on input line 46.
LaTeX Font Info:    Redeclaring math alphabet \mathbf on input line 46.
LaTeX Font Info:    Overwriting math alphabet `\mathbf' in version `normal'
(Font)                  OT1/cmr/bx/n --> OT1/cmss/bx/n on input line 46.
LaTeX Font Info:    Overwriting math alphabet `\mathbf' in version `bold'
(Font)                  OT1/cmr/bx/n --> OT1/cmss/bx/n on input line 46.
LaTeX Font Info:    Redeclaring math alphabet \mathsf on input line 46.
LaTeX Font Info:    Overwriting math alphabet `\mathsf' in version `normal'
(Font)                  OT1/cmss/m/n --> OT1/cmss/m/n on input line 46.
LaTeX Font Info:    Overwriting math alphabet `\mathsf' in version `bold'
(Font)                  OT1/cmss/bx/n --> OT1/cmss/m/n on input line 46.
LaTeX Font Info:    Redeclaring math alphabet \mathit on input line 46.
LaTeX Font Info:    Overwriting math alphabet `\mathit' in version `normal'
(Font)                  OT1/cmr/m/it --> OT1/cmss/m/it on input line 46.
LaTeX Font Info:    Overwriting math alphabet `\mathit' in version `bold'
(Font)                  OT1/cmr/bx/it --> OT1/cmss/m/it on input line 46.
LaTeX Font Info:    Redeclaring math alphabet \mathtt on input line 46.
LaTeX Font Info:    Overwriting math alphabet `\mathtt' in version `normal'
(Font)                  OT1/cmtt/m/n --> OT1/cmtt/m/n on input line 46.
LaTeX Font Info:    Overwriting math alphabet `\mathtt' in version `bold'
(Font)                  OT1/cmtt/m/n --> OT1/cmtt/m/n on input line 46.
LaTeX Font Info:    Overwriting symbol font `numbers' in version `bold'
(Font)                  OT1/cmss/m/n --> OT1/cmss/bx/n on input line 46.
LaTeX Font Info:    Overwriting symbol font `pureletters' in version `bold'
(Font)                  OT1/cmss/m/it --> OT1/cmss/bx/it on input line 46.
LaTeX Font Info:    Overwriting math alphabet `\mathrm' in version `bold'
(Font)                  OT1/cmss/bx/n --> OT1/cmr/bx/n on input line 46.
LaTeX Font Info:    Overwriting math alphabet `\mathbf' in version `bold'
(Font)                  OT1/cmss/bx/n --> OT1/cmss/bx/n on input line 46.
LaTeX Font Info:    Overwriting math alphabet `\mathsf' in version `bold'
(Font)                  OT1/cmss/m/n --> OT1/cmss/bx/n on input line 46.
LaTeX Font Info:    Overwriting math alphabet `\mathit' in version `bold'
(Font)                  OT1/cmss/m/it --> OT1/cmss/bx/it on input line 46.
LaTeX Font Info:    Overwriting math alphabet `\mathtt' in version `bold'
(Font)                  OT1/cmtt/m/n --> OT1/cmtt/bx/n on input line 46.
LaTeX Font Info:    Redeclaring symbol font `pureletters' on input line 46.
LaTeX Font Info:    Overwriting symbol font `pureletters' in version `normal'
(Font)                  OT1/cmss/m/it --> OT1/mathkerncmss/m/sl on input line 4
6.
LaTeX Font Info:    Overwriting symbol font `pureletters' in version `bold'
(Font)                  OT1/cmss/bx/it --> OT1/mathkerncmss/m/sl on input line 
46.
LaTeX Font Info:    Overwriting symbol font `pureletters' in version `bold'
(Font)                  OT1/mathkerncmss/m/sl --> OT1/mathkerncmss/bx/sl on inp
ut line 46.

(/usr/share/texlive/texmf-dist/tex/latex/beamer/translator/dicts/translator-bas
ic-dictionary/translator-basic-dictionary-English.dict
Dictionary: translator-basic-dictionary, Language: English 
)
(/usr/share/texlive/texmf-dist/tex/latex/beamer/translator/dicts/translator-bib
liography-dictionary/translator-bibliography-dictionary-English.dict
Dictionary: translator-bibliography-dictionary, Language: English 
)
(/usr/share/texlive/texmf-dist/tex/latex/beamer/translator/dicts/translator-env
ironment-dictionary/translator-environment-dictionary-English.dict
Dictionary: translator-environment-dictionary, Language: English 
)
(/usr/share/texlive/texmf-dist/tex/latex/beamer/translator/dicts/translator-mon
ths-dictionary/translator-months-dictionary-English.dict
Dictionary: translator-months-dictionary, Language: English 
)
(/usr/share/texlive/texmf-dist/tex/latex/beamer/translator/dicts/translator-num
bers-dictionary/translator-numbers-dictionary-English.dict
Dictionary: translator-numbers-dictionary, Language: English 
)
(/usr/share/texlive/texmf-dist/tex/latex/beamer/translator/dicts/translator-the
orem-dictionary/translator-theorem-dictionary-English.dict
Dictionary: translator-theorem-dictionary, Language: English 
)
LaTeX Info: Redefining \includegraphics on input line 46.

Package pgfplots notification 'compat/show suggested version=true': you might b
enefit from \pgfplotsset{compat=1.14} (current compat level: 1.9).

Package caption Info: Begin \AtBeginDocument code.
Package caption Info: End \AtBeginDocument code.
(./BhabhaEfficiency_MartinSobotzik.nav)
Overfull \vbox (13.79993pt too high) detected at line 48
 []

[1

{/var/lib/texmf/fonts/map/pdftex/updmap/pdftex.map}]
LaTeX Font Info:    Try loading font information for OMS+cmss on input line 76.

LaTeX Font Info:    No file OMScmss.fd. on input line 76.


LaTeX Font Warning: Font shape `OMS/cmss/m/n' undefined
(Font)              using `OMS/cmsy/m/n' instead
(Font)              for symbol `textbullet' on input line 76.

LaTeX Font Info:    Try loading font information for U+msa on input line 76.
(/usr/share/texlive/texmf-dist/tex/latex/amsfonts/umsa.fd
File: umsa.fd 2013/01/14 v3.01 AMS symbols A
)
LaTeX Font Info:    Try loading font information for U+msb on input line 76.

(/usr/share/texlive/texmf-dist/tex/latex/amsfonts/umsb.fd
File: umsb.fd 2013/01/14 v3.01 AMS symbols B
)
LaTeX Font Info:    Try loading font information for OT1+mathkerncmss on input 
line 76.

(/usr/share/texlive/texmf-dist/tex/latex/sansmathaccent/ot1mathkerncmss.fd
File: ot1mathkerncmss.fd 2013/03/27 Fontinst v1.933 font definitions for OT1/ma
thkerncmss.
)

LaTeX Font Warning: Font shape `OT1/cmss/m/n' in size <4> not available
(Font)              size <5> substituted on input line 76.

[2

] <Plots/nCandMC.pdf, id=41, 569.12625pt x 429.605pt>
File: Plots/nCandMC.pdf Graphic file (type pdf)

<use Plots/nCandMC.pdf>
Package pdftex.def Info: Plots/nCandMC.pdf used on input line 141.
(pdftex.def)             Requested size: 128.0374pt x 96.65039pt.
 <Plots/nCandData.pdf, id=42, 569.12625pt x 429.605pt>
File: Plots/nCandData.pdf Graphic file (type pdf)

<use Plots/nCandData.pdf>
Package pdftex.def Info: Plots/nCandData.pdf used on input line 141.
(pdftex.def)             Requested size: 128.0374pt x 96.65039pt.
 [3

 <./Plots/nCandMC.pdf, page is rotated 90 degrees> <./Plots/nCandData.pdf, page
 is rotated 90 degrees>]
<Plots/b2b_2.pdf, id=137, 453.35774pt x 251.47615pt>
File: Plots/b2b_2.pdf Graphic file (type pdf)
 <use Plots/b2b_2.pdf>
Package pdftex.def Info: Plots/b2b_2.pdf used on input line 151.
(pdftex.def)             Requested size: 307.28987pt x 170.45662pt.

[4

 <./Plots/b2b_2.pdf>]
File: Plots/b2b_2.pdf Graphic file (type pdf)
 <use Plots/b2b_2.pdf>
Package pdftex.def Info: Plots/b2b_2.pdf used on input line 187.
(pdftex.def)             Requested size: 128.0374pt x 71.02295pt.

<Plots/b2b_3.pdf, id=145, 453.35774pt x 251.47615pt>
File: Plots/b2b_3.pdf Graphic file (type pdf)
 <use Plots/b2b_3.pdf>
Package pdftex.def Info: Plots/b2b_3.pdf used on input line 187.
(pdftex.def)             Requested size: 128.0374pt x 71.02295pt.

<Plots/Eff/b2b_Data.pdf, id=146, 569.12625pt x 148.555pt>
File: Plots/Eff/b2b_Data.pdf Graphic file (type pdf)

<use Plots/Eff/b2b_Data.pdf>
Package pdftex.def Info: Plots/Eff/b2b_Data.pdf used on input line 187.
(pdftex.def)             Requested size: 307.28987pt x 80.21396pt.
 [5

 <./Plots/b2b_3.pdf> <./Plots/Eff/b2b_Data.pdf, page is rotated 90 degrees>]
File: Plots/b2b_2.pdf Graphic file (type pdf)
 <use Plots/b2b_2.pdf>
Package pdftex.def Info: Plots/b2b_2.pdf used on input line 221.
(pdftex.def)             Requested size: 128.0374pt x 71.02295pt.
File: Plots/b2b_3.pdf Graphic file (type pdf)
 <use Plots/b2b_3.pdf>
Package pdftex.def Info: Plots/b2b_3.pdf used on input line 221.
(pdftex.def)             Requested size: 128.0374pt x 71.02295pt.

<Plots/Eff/b2b_MC.pdf, id=196, 569.12625pt x 148.555pt>
File: Plots/Eff/b2b_MC.pdf Graphic file (type pdf)

<use Plots/Eff/b2b_MC.pdf>
Package pdftex.def Info: Plots/Eff/b2b_MC.pdf used on input line 221.
(pdftex.def)             Requested size: 307.28987pt x 80.21396pt.
 [6

 <./Plots/Eff/b2b_MC.pdf, page is rotated 90 degrees>] [7

] <Plots/Eff/TPMCData.pdf, id=252, 569.12625pt x 309.155pt>
File: Plots/Eff/TPMCData.pdf Graphic file (type pdf)

<use Plots/Eff/TPMCData.pdf>
Package pdftex.def Info: Plots/Eff/TPMCData.pdf used on input line 276.
(pdftex.def)             Requested size: 307.28987pt x 166.93176pt.
 [8

 <./Plots/Eff/TPMCData.pdf, page is rotated 90 degrees>] <Plots/Eff/MCDataEff.p
df, id=301, 569.12625pt x 309.155pt>
File: Plots/Eff/MCDataEff.pdf Graphic file (type pdf)

<use Plots/Eff/MCDataEff.pdf>
Package pdftex.def Info: Plots/Eff/MCDataEff.pdf used on input line 310.
(pdftex.def)             Requested size: 307.28987pt x 166.93176pt.
 [9

 <./Plots/Eff/MCDataEff.pdf, page is rotated 90 degrees>] <Plots/Eff/PhiBarrel.
pdf, id=350, 569.12625pt x 309.155pt>
File: Plots/Eff/PhiBarrel.pdf Graphic file (type pdf)

<use Plots/Eff/PhiBarrel.pdf>
Package pdftex.def Info: Plots/Eff/PhiBarrel.pdf used on input line 346.
(pdftex.def)             Requested size: 307.28987pt x 166.93176pt.
 [10

 <./Plots/Eff/PhiBarrel.pdf, page is rotated 90 degrees>] <Plots/Eff/Ratio.pdf,
 id=399, 569.12625pt x 309.155pt>
File: Plots/Eff/Ratio.pdf Graphic file (type pdf)

<use Plots/Eff/Ratio.pdf>
Package pdftex.def Info: Plots/Eff/Ratio.pdf used on input line 377.
(pdftex.def)             Requested size: 307.28987pt x 166.93176pt.
 [11

 <./Plots/Eff/Ratio.pdf, page is rotated 90 degrees>] <Plots/Eff/BarrelRatio1.p
df, id=448, 569.12625pt x 309.155pt>
File: Plots/Eff/BarrelRatio1.pdf Graphic file (type pdf)

<use Plots/Eff/BarrelRatio1.pdf>
Package pdftex.def Info: Plots/Eff/BarrelRatio1.pdf used on input line 407.
(pdftex.def)             Requested size: 307.28987pt x 166.93176pt.
 [12

 <./Plots/Eff/BarrelRatio1.pdf, page is rotated 90 degrees>] <Additional/Random
.pdf, id=498, 569.12625pt x 309.155pt>
File: Additional/Random.pdf Graphic file (type pdf)

<use Additional/Random.pdf>
Package pdftex.def Info: Additional/Random.pdf used on input line 432.
(pdftex.def)             Requested size: 307.28987pt x 166.93176pt.

Overfull \vbox (8.66745pt too high) detected at line 432
 []

[13

 <./Additional/Random.pdf, page is rotated 90 degrees>]
<Additional/RandomRatio.pdf, id=548, 569.12625pt x 309.155pt>
File: Additional/RandomRatio.pdf Graphic file (type pdf)

<use Additional/RandomRatio.pdf>
Package pdftex.def Info: Additional/RandomRatio.pdf used on input line 455.
(pdftex.def)             Requested size: 307.28987pt x 166.93176pt.
 [14

 <./Additional/RandomRatio.pdf, page is rotated 90 degrees>] <Plots/theta_lab.p
df, id=597, 569.12625pt x 454.69875pt>
File: Plots/theta_lab.pdf Graphic file (type pdf)

<use Plots/theta_lab.pdf>
Package pdftex.def Info: Plots/theta_lab.pdf used on input line 465.
(pdftex.def)             Requested size: 230.46739pt x 184.13116pt.

Overfull \vbox (25.3113pt too high) detected at line 465
 []

[15

 <./Plots/theta_lab.pdf, page is rotated 90 degrees>]
<Momentum/M_MC.pdf, id=646, 569.12625pt x 495.8525pt>
File: Momentum/M_MC.pdf Graphic file (type pdf)
 <use Momentum/M_MC.pdf>
Package pdftex.def Info: Momentum/M_MC.pdf used on input line 488.
(pdftex.def)             Requested size: 276.559pt x 240.96483pt.

Overfull \vbox (23.80074pt too high) detected at line 488
 []

[16

 <./Momentum/M_MC.pdf, page is rotated 90 degrees>]
<Momentum/M_Data.pdf, id=696, 569.12625pt x 495.8525pt>
File: Momentum/M_Data.pdf Graphic file (type pdf)

<use Momentum/M_Data.pdf>
Package pdftex.def Info: Momentum/M_Data.pdf used on input line 506.
(pdftex.def)             Requested size: 276.559pt x 240.96483pt.


Package textpos Warning: environment textblock* not in vertical mode. 
(textpos)                Environment textblock* should not have any text
(textpos)                or printable material appearing before it.
(textpos)                Alignment may work out wrongly. on input line 506.


Overfull \vbox (23.80074pt too high) detected at line 506
 []

[17

 <./Momentum/M_Data.pdf, page is rotated 90 degrees>]
<Momentum/PMPhiRandom.pdf, id=745, 569.12625pt x 558.085pt>
File: Momentum/PMPhiRandom.pdf Graphic file (type pdf)

<use Momentum/PMPhiRandom.pdf>
Package pdftex.def Info: Momentum/PMPhiRandom.pdf used on input line 532.
(pdftex.def)             Requested size: 245.83282pt x 241.06187pt.

Overfull \vbox (23.89778pt too high) detected at line 532
 []

[18

 <./Momentum/PMPhiRandom.pdf, page is rotated 90 degrees>]
<Momentum/PMThetaRandom.pdf, id=795, 569.12625pt x 558.085pt>
File: Momentum/PMThetaRandom.pdf Graphic file (type pdf)

<use Momentum/PMThetaRandom.pdf>
Package pdftex.def Info: Momentum/PMThetaRandom.pdf used on input line 538.
(pdftex.def)             Requested size: 245.83282pt x 241.06187pt.

Overfull \vbox (23.89778pt too high) detected at line 538
 []

[19

 <./Momentum/PMThetaRandom.pdf, page is rotated 90 degrees>]
<Momentum/PMPhiem.pdf, id=845, 569.12625pt x 558.085pt>
File: Momentum/PMPhiem.pdf Graphic file (type pdf)

<use Momentum/PMPhiem.pdf>
Package pdftex.def Info: Momentum/PMPhiem.pdf used on input line 546.
(pdftex.def)             Requested size: 245.83282pt x 241.06187pt.

Overfull \vbox (23.89778pt too high) detected at line 546
 []

[20

 <./Momentum/PMPhiem.pdf, page is rotated 90 degrees>]
<Momentum/PMThetaem.pdf, id=895, 569.12625pt x 558.085pt>
File: Momentum/PMThetaem.pdf Graphic file (type pdf)

<use Momentum/PMThetaem.pdf>
Package pdftex.def Info: Momentum/PMThetaem.pdf used on input line 552.
(pdftex.def)             Requested size: 245.83282pt x 241.06187pt.

Overfull \vbox (23.89778pt too high) detected at line 552
 []

[21

 <./Momentum/PMThetaem.pdf, page is rotated 90 degrees>]
<Momentum/PMPhiep.pdf, id=945, 569.12625pt x 558.085pt>
File: Momentum/PMPhiep.pdf Graphic file (type pdf)

<use Momentum/PMPhiep.pdf>
Package pdftex.def Info: Momentum/PMPhiep.pdf used on input line 558.
(pdftex.def)             Requested size: 245.83282pt x 241.06187pt.

Overfull \vbox (23.89778pt too high) detected at line 558
 []

[22

 <./Momentum/PMPhiep.pdf, page is rotated 90 degrees>]
<Momentum/PMThetaep.pdf, id=994, 569.12625pt x 558.085pt>
File: Momentum/PMThetaep.pdf Graphic file (type pdf)

<use Momentum/PMThetaep.pdf>
Package pdftex.def Info: Momentum/PMThetaep.pdf used on input line 564.
(pdftex.def)             Requested size: 245.83282pt x 241.06187pt.

Overfull \vbox (23.89778pt too high) detected at line 564
 []

[23

 <./Momentum/PMThetaep.pdf, page is rotated 90 degrees>]
<Plots/ptTheta.pdf, id=1043, 569.12625pt x 454.69875pt>
File: Plots/ptTheta.pdf Graphic file (type pdf)

<use Plots/ptTheta.pdf>
Package pdftex.def Info: Plots/ptTheta.pdf used on input line 576.
(pdftex.def)             Requested size: 230.46739pt x 184.13116pt.

Overfull \vbox (25.3113pt too high) detected at line 576
 []

[24

 <./Plots/ptTheta.pdf, page is rotated 90 degrees>]
<Momentum/transM_MC.pdf, id=1092, 569.12625pt x 495.8525pt>
File: Momentum/transM_MC.pdf Graphic file (type pdf)

<use Momentum/transM_MC.pdf>
Package pdftex.def Info: Momentum/transM_MC.pdf used on input line 592.
(pdftex.def)             Requested size: 276.559pt x 240.96483pt.


Package textpos Warning: environment textblock* not in vertical mode. 
(textpos)                Environment textblock* should not have any text
(textpos)                or printable material appearing before it.
(textpos)                Alignment may work out wrongly. on input line 592.


Overfull \vbox (23.80074pt too high) detected at line 592
 []

[25

 <./Momentum/transM_MC.pdf, page is rotated 90 degrees>]
<Momentum/transM_Data.pdf, id=1143, 569.12625pt x 495.8525pt>
File: Momentum/transM_Data.pdf Graphic file (type pdf)

<use Momentum/transM_Data.pdf>
Package pdftex.def Info: Momentum/transM_Data.pdf used on input line 608.
(pdftex.def)             Requested size: 276.559pt x 240.96483pt.


Package textpos Warning: environment textblock* not in vertical mode. 
(textpos)                Environment textblock* should not have any text
(textpos)                or printable material appearing before it.
(textpos)                Alignment may work out wrongly. on input line 608.


Overfull \vbox (23.80074pt too high) detected at line 608
 []

[26

 <./Momentum/transM_Data.pdf, page is rotated 90 degrees>]
<Momentum/PtMPhiRandom.pdf, id=1192, 569.12625pt x 558.085pt>
File: Momentum/PtMPhiRandom.pdf Graphic file (type pdf)

<use Momentum/PtMPhiRandom.pdf>
Package pdftex.def Info: Momentum/PtMPhiRandom.pdf used on input line 622.
(pdftex.def)             Requested size: 245.83282pt x 241.06187pt.


Package textpos Warning: environment textblock* not in vertical mode. 
(textpos)                Environment textblock* should not have any text
(textpos)                or printable material appearing before it.
(textpos)                Alignment may work out wrongly. on input line 622.


Overfull \vbox (23.89778pt too high) detected at line 622
 []

[27

 <./Momentum/PtMPhiRandom.pdf, page is rotated 90 degrees>]
<Momentum/PtMThetaRandom.pdf, id=1241, 569.12625pt x 558.085pt>
File: Momentum/PtMThetaRandom.pdf Graphic file (type pdf)

<use Momentum/PtMThetaRandom.pdf>
Package pdftex.def Info: Momentum/PtMThetaRandom.pdf used on input line 628.
(pdftex.def)             Requested size: 245.83282pt x 241.06187pt.

Overfull \vbox (23.89778pt too high) detected at line 628
 []

[28

 <./Momentum/PtMThetaRandom.pdf, page is rotated 90 degrees>]
<Momentum/PtMPhiem.pdf, id=1290, 569.12625pt x 558.085pt>
File: Momentum/PtMPhiem.pdf Graphic file (type pdf)

<use Momentum/PtMPhiem.pdf>
Package pdftex.def Info: Momentum/PtMPhiem.pdf used on input line 636.
(pdftex.def)             Requested size: 245.83282pt x 241.06187pt.

Overfull \vbox (23.89778pt too high) detected at line 636
 []

[29

 <./Momentum/PtMPhiem.pdf, page is rotated 90 degrees>]
<Momentum/PtMThetaem.pdf, id=1339, 569.12625pt x 558.085pt>
File: Momentum/PtMThetaem.pdf Graphic file (type pdf)

<use Momentum/PtMThetaem.pdf>
Package pdftex.def Info: Momentum/PtMThetaem.pdf used on input line 642.
(pdftex.def)             Requested size: 245.83282pt x 241.06187pt.

Overfull \vbox (23.89778pt too high) detected at line 642
 []

[30

 <./Momentum/PtMThetaem.pdf, page is rotated 90 degrees>]
<Momentum/PtMPhiep.pdf, id=1389, 569.12625pt x 558.085pt>
File: Momentum/PtMPhiep.pdf Graphic file (type pdf)

<use Momentum/PtMPhiep.pdf>
Package pdftex.def Info: Momentum/PtMPhiep.pdf used on input line 648.
(pdftex.def)             Requested size: 245.83282pt x 241.06187pt.

Overfull \vbox (23.89778pt too high) detected at line 648
 []

[31

 <./Momentum/PtMPhiep.pdf, page is rotated 90 degrees>]
<Momentum/PtMThetaep.pdf, id=1439, 569.12625pt x 558.085pt>
File: Momentum/PtMThetaep.pdf Graphic file (type pdf)

<use Momentum/PtMThetaep.pdf>
Package pdftex.def Info: Momentum/PtMThetaep.pdf used on input line 654.
(pdftex.def)             Requested size: 245.83282pt x 241.06187pt.

Overfull \vbox (23.89778pt too high) detected at line 654
 []

[32

 <./Momentum/PtMThetaep.pdf, page is rotated 90 degrees>]
<gg/Phigg_BS.pdf, id=1488, 569.12625pt x 454.69875pt>
File: gg/Phigg_BS.pdf Graphic file (type pdf)
 <use gg/Phigg_BS.pdf>
Package pdftex.def Info: gg/Phigg_BS.pdf used on input line 673.
(pdftex.def)             Requested size: 153.64493pt x 122.75642pt.

<gg/Phigg_AS.pdf, id=1489, 569.12625pt x 454.69875pt>
File: gg/Phigg_AS.pdf Graphic file (type pdf)
 <use gg/Phigg_AS.pdf>
Package pdftex.def Info: gg/Phigg_AS.pdf used on input line 673.
(pdftex.def)             Requested size: 153.64493pt x 122.75642pt.

[33

 <./gg/Phigg_BS.pdf, page is rotated 90 degrees> <./gg/Phigg_AS.pdf, page is ro
tated 90 degrees>]
<gg/Phigg_BS_nT1.pdf, id=1582, 569.12625pt x 454.69875pt>
File: gg/Phigg_BS_nT1.pdf Graphic file (type pdf)

<use gg/Phigg_BS_nT1.pdf>
Package pdftex.def Info: gg/Phigg_BS_nT1.pdf used on input line 695.
(pdftex.def)             Requested size: 153.64493pt x 122.75642pt.

<gg/Phigg_AS_nT1.pdf, id=1583, 569.12625pt x 454.69875pt>
File: gg/Phigg_AS_nT1.pdf Graphic file (type pdf)

<use gg/Phigg_AS_nT1.pdf>
Package pdftex.def Info: gg/Phigg_AS_nT1.pdf used on input line 695.
(pdftex.def)             Requested size: 153.64493pt x 122.75642pt.
 [34

 <./gg/Phigg_BS_nT1.pdf, page is rotated 90 degrees> <./gg/Phigg_AS_nT1.pdf, pa
ge is rotated 90 degrees>]
<gg/Thetagg_BS.pdf, id=1675, 569.12625pt x 454.69875pt>
File: gg/Thetagg_BS.pdf Graphic file (type pdf)

<use gg/Thetagg_BS.pdf>
Package pdftex.def Info: gg/Thetagg_BS.pdf used on input line 714.
(pdftex.def)             Requested size: 153.64493pt x 122.75642pt.

<gg/Thetagg_AS.pdf, id=1676, 569.12625pt x 454.69875pt>
File: gg/Thetagg_AS.pdf Graphic file (type pdf)

<use gg/Thetagg_AS.pdf>
Package pdftex.def Info: gg/Thetagg_AS.pdf used on input line 714.
(pdftex.def)             Requested size: 153.64493pt x 122.75642pt.
 [35

 <./gg/Thetagg_BS.pdf, page is rotated 90 degrees> <./gg/Thetagg_AS.pdf, page i
s rotated 90 degrees>]
<gg/Thetagg_BS_nT1.pdf, id=1768, 569.12625pt x 454.69875pt>
File: gg/Thetagg_BS_nT1.pdf Graphic file (type pdf)

<use gg/Thetagg_BS_nT1.pdf>
Package pdftex.def Info: gg/Thetagg_BS_nT1.pdf used on input line 736.
(pdftex.def)             Requested size: 153.64493pt x 122.75642pt.

<gg/Thetagg_AS_nT1.pdf, id=1769, 569.12625pt x 454.69875pt>
File: gg/Thetagg_AS_nT1.pdf Graphic file (type pdf)

<use gg/Thetagg_AS_nT1.pdf>
Package pdftex.def Info: gg/Thetagg_AS_nT1.pdf used on input line 736.
(pdftex.def)             Requested size: 153.64493pt x 122.75642pt.
 [36

 <./gg/Thetagg_BS_nT1.pdf, page is rotated 90 degrees> <./gg/Thetagg_AS_nT1.pdf
, page is rotated 90 degrees>]
<gg/PhiMgg_BS.pdf, id=1862, 569.12625pt x 454.69875pt>
File: gg/PhiMgg_BS.pdf Graphic file (type pdf)
 <use gg/PhiMgg_BS.pdf>
Package pdftex.def Info: gg/PhiMgg_BS.pdf used on input line 757.
(pdftex.def)             Requested size: 153.64493pt x 122.75642pt.

<gg/PhiMgg_AS.pdf, id=1863, 569.12625pt x 454.69875pt>
File: gg/PhiMgg_AS.pdf Graphic file (type pdf)
 <use gg/PhiMgg_AS.pdf>
Package pdftex.def Info: gg/PhiMgg_AS.pdf used on input line 757.
(pdftex.def)             Requested size: 153.64493pt x 122.75642pt.

[37

 <./gg/PhiMgg_BS.pdf, page is rotated 90 degrees> <./gg/PhiMgg_AS.pdf, page is 
rotated 90 degrees>]
<gg/PhiMgg_BS_nT1.pdf, id=1957, 569.12625pt x 454.69875pt>
File: gg/PhiMgg_BS_nT1.pdf Graphic file (type pdf)

<use gg/PhiMgg_BS_nT1.pdf>
Package pdftex.def Info: gg/PhiMgg_BS_nT1.pdf used on input line 779.
(pdftex.def)             Requested size: 153.64493pt x 122.75642pt.

<gg/PhiMgg_AS_nT1.pdf, id=1958, 569.12625pt x 454.69875pt>
File: gg/PhiMgg_AS_nT1.pdf Graphic file (type pdf)

<use gg/PhiMgg_AS_nT1.pdf>
Package pdftex.def Info: gg/PhiMgg_AS_nT1.pdf used on input line 779.
(pdftex.def)             Requested size: 153.64493pt x 122.75642pt.
 [38

 <./gg/PhiMgg_BS_nT1.pdf, page is rotated 90 degrees> <./gg/PhiMgg_AS_nT1.pdf, 
page is rotated 90 degrees>]
<gg/ThetaMgg_BS.pdf, id=2051, 569.12625pt x 454.69875pt>
File: gg/ThetaMgg_BS.pdf Graphic file (type pdf)

<use gg/ThetaMgg_BS.pdf>
Package pdftex.def Info: gg/ThetaMgg_BS.pdf used on input line 798.
(pdftex.def)             Requested size: 153.64493pt x 122.75642pt.

<gg/ThetaMgg_AS.pdf, id=2052, 569.12625pt x 454.69875pt>
File: gg/ThetaMgg_AS.pdf Graphic file (type pdf)

<use gg/ThetaMgg_AS.pdf>
Package pdftex.def Info: gg/ThetaMgg_AS.pdf used on input line 798.
(pdftex.def)             Requested size: 153.64493pt x 122.75642pt.
 [39

 <./gg/ThetaMgg_BS.pdf, page is rotated 90 degrees> <./gg/ThetaMgg_AS.pdf, page
 is rotated 90 degrees>]
<gg/ThetaMgg_BS_nT1.pdf, id=2144, 569.12625pt x 454.69875pt>
File: gg/ThetaMgg_BS_nT1.pdf Graphic file (type pdf)

<use gg/ThetaMgg_BS_nT1.pdf>
Package pdftex.def Info: gg/ThetaMgg_BS_nT1.pdf used on input line 820.
(pdftex.def)             Requested size: 153.64493pt x 122.75642pt.

<gg/ThetaMgg_AS_nT1.pdf, id=2145, 569.12625pt x 454.69875pt>
File: gg/ThetaMgg_AS_nT1.pdf Graphic file (type pdf)

<use gg/ThetaMgg_AS_nT1.pdf>
Package pdftex.def Info: gg/ThetaMgg_AS_nT1.pdf used on input line 820.
(pdftex.def)             Requested size: 153.64493pt x 122.75642pt.
 [40

 <./gg/ThetaMgg_BS_nT1.pdf, page is rotated 90 degrees> <./gg/ThetaMgg_AS_nT1.p
df, page is rotated 90 degrees>]
<gg/data/Phigg_BS.pdf, id=2237, 569.12625pt x 454.69875pt>
File: gg/data/Phigg_BS.pdf Graphic file (type pdf)

<use gg/data/Phigg_BS.pdf>
Package pdftex.def Info: gg/data/Phigg_BS.pdf used on input line 845.
(pdftex.def)             Requested size: 153.64493pt x 122.75642pt.

<gg/data/Phigg_AS.pdf, id=2238, 569.12625pt x 454.69875pt>
File: gg/data/Phigg_AS.pdf Graphic file (type pdf)

<use gg/data/Phigg_AS.pdf>
Package pdftex.def Info: gg/data/Phigg_AS.pdf used on input line 845.
(pdftex.def)             Requested size: 153.64493pt x 122.75642pt.
 [41

 <./gg/data/Phigg_BS.pdf, page is rotated 90 degrees> <./gg/data/Phigg_AS.pdf, 
page is rotated 90 degrees>]
<gg/data/Phigg_BS_nT1.pdf, id=2331, 569.12625pt x 454.69875pt>
File: gg/data/Phigg_BS_nT1.pdf Graphic file (type pdf)

<use gg/data/Phigg_BS_nT1.pdf>
Package pdftex.def Info: gg/data/Phigg_BS_nT1.pdf used on input line 867.
(pdftex.def)             Requested size: 153.64493pt x 122.75642pt.

<gg/data/Phigg_AS_nT1.pdf, id=2332, 569.12625pt x 454.69875pt>
File: gg/data/Phigg_AS_nT1.pdf Graphic file (type pdf)

<use gg/data/Phigg_AS_nT1.pdf>
Package pdftex.def Info: gg/data/Phigg_AS_nT1.pdf used on input line 867.
(pdftex.def)             Requested size: 153.64493pt x 122.75642pt.
 [42

 <./gg/data/Phigg_BS_nT1.pdf, page is rotated 90 degrees> <./gg/data/Phigg_AS_n
T1.pdf, page is rotated 90 degrees>]
<gg/data/Thetagg_BS.pdf, id=2424, 569.12625pt x 454.69875pt>
File: gg/data/Thetagg_BS.pdf Graphic file (type pdf)

<use gg/data/Thetagg_BS.pdf>
Package pdftex.def Info: gg/data/Thetagg_BS.pdf used on input line 886.
(pdftex.def)             Requested size: 153.64493pt x 122.75642pt.

<gg/data/Thetagg_AS.pdf, id=2425, 569.12625pt x 454.69875pt>
File: gg/data/Thetagg_AS.pdf Graphic file (type pdf)

<use gg/data/Thetagg_AS.pdf>
Package pdftex.def Info: gg/data/Thetagg_AS.pdf used on input line 886.
(pdftex.def)             Requested size: 153.64493pt x 122.75642pt.
 [43

 <./gg/data/Thetagg_BS.pdf, page is rotated 90 degrees> <./gg/data/Thetagg_AS.p
df, page is rotated 90 degrees>]
<gg/data/Thetagg_BS_nT1.pdf, id=2519, 569.12625pt x 454.69875pt>
File: gg/data/Thetagg_BS_nT1.pdf Graphic file (type pdf)

<use gg/data/Thetagg_BS_nT1.pdf>
Package pdftex.def Info: gg/data/Thetagg_BS_nT1.pdf used on input line 908.
(pdftex.def)             Requested size: 153.64493pt x 122.75642pt.

<gg/data/Thetagg_AS_nT1.pdf, id=2520, 569.12625pt x 454.69875pt>
File: gg/data/Thetagg_AS_nT1.pdf Graphic file (type pdf)

<use gg/data/Thetagg_AS_nT1.pdf>
Package pdftex.def Info: gg/data/Thetagg_AS_nT1.pdf used on input line 908.
(pdftex.def)             Requested size: 153.64493pt x 122.75642pt.
 [44

 <./gg/data/Thetagg_BS_nT1.pdf, page is rotated 90 degrees> <./gg/data/Thetagg_
AS_nT1.pdf, page is rotated 90 degrees>]
<gg/data/PhiMgg_BS.pdf, id=2612, 569.12625pt x 454.69875pt>
File: gg/data/PhiMgg_BS.pdf Graphic file (type pdf)

<use gg/data/PhiMgg_BS.pdf>
Package pdftex.def Info: gg/data/PhiMgg_BS.pdf used on input line 937.
(pdftex.def)             Requested size: 153.64493pt x 122.75642pt.

<gg/data/PhiMgg_AS.pdf, id=2613, 569.12625pt x 454.69875pt>
File: gg/data/PhiMgg_AS.pdf Graphic file (type pdf)

<use gg/data/PhiMgg_AS.pdf>
Package pdftex.def Info: gg/data/PhiMgg_AS.pdf used on input line 937.
(pdftex.def)             Requested size: 153.64493pt x 122.75642pt.
 [45

 <./gg/data/PhiMgg_BS.pdf, page is rotated 90 degrees> <./gg/data/PhiMgg_AS.pdf
, page is rotated 90 degrees>]
<gg/data/PhiMgg_BS_nT1.pdf, id=2705, 569.12625pt x 454.69875pt>
File: gg/data/PhiMgg_BS_nT1.pdf Graphic file (type pdf)

<use gg/data/PhiMgg_BS_nT1.pdf>
Package pdftex.def Info: gg/data/PhiMgg_BS_nT1.pdf used on input line 959.
(pdftex.def)             Requested size: 153.64493pt x 122.75642pt.

<gg/data/PhiMgg_AS_nT1.pdf, id=2706, 569.12625pt x 454.69875pt>
File: gg/data/PhiMgg_AS_nT1.pdf Graphic file (type pdf)

<use gg/data/PhiMgg_AS_nT1.pdf>
Package pdftex.def Info: gg/data/PhiMgg_AS_nT1.pdf used on input line 959.
(pdftex.def)             Requested size: 153.64493pt x 122.75642pt.
 [46

 <./gg/data/PhiMgg_BS_nT1.pdf, page is rotated 90 degrees> <./gg/data/PhiMgg_AS
_nT1.pdf, page is rotated 90 degrees>]
<gg/data/ThetaMgg_BS.pdf, id=2799, 569.12625pt x 454.69875pt>
File: gg/data/ThetaMgg_BS.pdf Graphic file (type pdf)

<use gg/data/ThetaMgg_BS.pdf>
Package pdftex.def Info: gg/data/ThetaMgg_BS.pdf used on input line 978.
(pdftex.def)             Requested size: 153.64493pt x 122.75642pt.

<gg/data/ThetaMgg_AS.pdf, id=2800, 569.12625pt x 454.69875pt>
File: gg/data/ThetaMgg_AS.pdf Graphic file (type pdf)

<use gg/data/ThetaMgg_AS.pdf>
Package pdftex.def Info: gg/data/ThetaMgg_AS.pdf used on input line 978.
(pdftex.def)             Requested size: 153.64493pt x 122.75642pt.
 [47

 <./gg/data/ThetaMgg_BS.pdf, page is rotated 90 degrees> <./gg/data/ThetaMgg_AS
.pdf, page is rotated 90 degrees>]
<gg/data/ThetaMgg_BS_nT1.pdf, id=2892, 569.12625pt x 454.69875pt>
File: gg/data/ThetaMgg_BS_nT1.pdf Graphic file (type pdf)

<use gg/data/ThetaMgg_BS_nT1.pdf>
Package pdftex.def Info: gg/data/ThetaMgg_BS_nT1.pdf used on input line 1000.
(pdftex.def)             Requested size: 153.64493pt x 122.75642pt.

<gg/data/ThetaMgg_AS_nT1.pdf, id=2893, 569.12625pt x 454.69875pt>
File: gg/data/ThetaMgg_AS_nT1.pdf Graphic file (type pdf)

<use gg/data/ThetaMgg_AS_nT1.pdf>
Package pdftex.def Info: gg/data/ThetaMgg_AS_nT1.pdf used on input line 1000.
(pdftex.def)             Requested size: 153.64493pt x 122.75642pt.
 [48

 <./gg/data/ThetaMgg_BS_nT1.pdf, page is rotated 90 degrees> <./gg/data/ThetaMg
g_AS_nT1.pdf, page is rotated 90 degrees>] [49

]

Package hyperref Warning: Token not allowed in a PDF string (PDFDocEncoding):
(hyperref)                removing `\translate ' on input line 1030.

<Plots/newSc.png, id=2993, 949.5475pt x 204.765pt>
File: Plots/newSc.png Graphic file (type png)
 <use Plots/newSc.png>
Package pdftex.def Info: Plots/newSc.png used on input line 1061.
(pdftex.def)             Requested size: 298.75394pt x 64.42319pt.

[50

 <./Plots/newSc.png>]
<Plots/Eff/PhiBarrel1.pdf, id=2999, 569.12625pt x 309.155pt>
File: Plots/Eff/PhiBarrel1.pdf Graphic file (type pdf)

<use Plots/Eff/PhiBarrel1.pdf>
Package pdftex.def Info: Plots/Eff/PhiBarrel1.pdf used on input line 1106.
(pdftex.def)             Requested size: 307.28987pt x 166.93176pt.
 [51

 <./Plots/Eff/PhiBarrel1.pdf, page is rotated 90 degrees>] <Plots/Eff/Ratio2d.p
df, id=3048, 569.12625pt x 619.31375pt>
File: Plots/Eff/Ratio2d.pdf Graphic file (type pdf)

<use Plots/Eff/Ratio2d.pdf>
Package pdftex.def Info: Plots/Eff/Ratio2d.pdf used on input line 1125.
(pdftex.def)             Requested size: 215.10196pt x 234.07538pt.

Overfull \vbox (26.91129pt too high) detected at line 1125
 []

[52

 <./Plots/Eff/Ratio2d.pdf>]
<Plots/Eff/TPemEff.pdf, id=3097, 569.12625pt x 309.155pt>
File: Plots/Eff/TPemEff.pdf Graphic file (type pdf)

<use Plots/Eff/TPemEff.pdf>
Package pdftex.def Info: Plots/Eff/TPemEff.pdf used on input line 1138.
(pdftex.def)             Requested size: 307.28987pt x 166.93176pt.
 [53

 <./Plots/Eff/TPemEff.pdf, page is rotated 90 degrees>] <Plots/Eff/TPepEff.pdf,
 id=3146, 569.12625pt x 309.155pt>
File: Plots/Eff/TPepEff.pdf Graphic file (type pdf)

<use Plots/Eff/TPepEff.pdf>
Package pdftex.def Info: Plots/Eff/TPepEff.pdf used on input line 1147.
(pdftex.def)             Requested size: 307.28987pt x 166.93176pt.
 [54

 <./Plots/Eff/TPepEff.pdf, page is rotated 90 degrees>] <Plots/Eff/TPemEff_Data
.pdf, id=3195, 569.12625pt x 309.155pt>
File: Plots/Eff/TPemEff_Data.pdf Graphic file (type pdf)

<use Plots/Eff/TPemEff_Data.pdf>
Package pdftex.def Info: Plots/Eff/TPemEff_Data.pdf used on input line 1157.
(pdftex.def)             Requested size: 307.28987pt x 166.93176pt.
 [55

 <./Plots/Eff/TPemEff_Data.pdf, page is rotated 90 degrees>]
<Plots/Eff/TPepEff_Data.pdf, id=3246, 569.12625pt x 309.155pt>
File: Plots/Eff/TPepEff_Data.pdf Graphic file (type pdf)

<use Plots/Eff/TPepEff_Data.pdf>
Package pdftex.def Info: Plots/Eff/TPepEff_Data.pdf used on input line 1166.
(pdftex.def)             Requested size: 307.28987pt x 166.93176pt.
 [56

 <./Plots/Eff/TPepEff_Data.pdf, page is rotated 90 degrees>]
<Plots/Eff/emPhiPro_Data.pdf, id=3295, 569.12625pt x 309.155pt>
File: Plots/Eff/emPhiPro_Data.pdf Graphic file (type pdf)

<use Plots/Eff/emPhiPro_Data.pdf>
Package pdftex.def Info: Plots/Eff/emPhiPro_Data.pdf used on input line 1178.
(pdftex.def)             Requested size: 307.28987pt x 166.93176pt.
 [57

 <./Plots/Eff/emPhiPro_Data.pdf, page is rotated 90 degrees>]
<Plots/Eff/epPhiPro_Data.pdf, id=3344, 569.12625pt x 309.155pt>
File: Plots/Eff/epPhiPro_Data.pdf Graphic file (type pdf)

<use Plots/Eff/epPhiPro_Data.pdf>
Package pdftex.def Info: Plots/Eff/epPhiPro_Data.pdf used on input line 1183.
(pdftex.def)             Requested size: 307.28987pt x 166.93176pt.
 [58

 <./Plots/Eff/epPhiPro_Data.pdf, page is rotated 90 degrees>]
<Plots/Eff/emThetaPro_Data.pdf, id=3393, 569.12625pt x 309.155pt>
File: Plots/Eff/emThetaPro_Data.pdf Graphic file (type pdf)

<use Plots/Eff/emThetaPro_Data.pdf>
Package pdftex.def Info: Plots/Eff/emThetaPro_Data.pdf used on input line 1189.

(pdftex.def)             Requested size: 307.28987pt x 166.93176pt.
 [59

 <./Plots/Eff/emThetaPro_Data.pdf, page is rotated 90 degrees>]
<Plots/Eff/epThetaPro_Data.pdf, id=3443, 569.12625pt x 309.155pt>
File: Plots/Eff/epThetaPro_Data.pdf Graphic file (type pdf)

<use Plots/Eff/epThetaPro_Data.pdf>
Package pdftex.def Info: Plots/Eff/epThetaPro_Data.pdf used on input line 1194.

(pdftex.def)             Requested size: 307.28987pt x 166.93176pt.
 [60

 <./Plots/Eff/epThetaPro_Data.pdf, page is rotated 90 degrees>]
<Plots/Eff/emPhiPro.pdf, id=3492, 569.12625pt x 309.155pt>
File: Plots/Eff/emPhiPro.pdf Graphic file (type pdf)

<use Plots/Eff/emPhiPro.pdf>
Package pdftex.def Info: Plots/Eff/emPhiPro.pdf used on input line 1199.
(pdftex.def)             Requested size: 307.28987pt x 166.93176pt.
 [61

 <./Plots/Eff/emPhiPro.pdf, page is rotated 90 degrees>] <Plots/Eff/epPhiPro.pd
f, id=3542, 569.12625pt x 309.155pt>
File: Plots/Eff/epPhiPro.pdf Graphic file (type pdf)

<use Plots/Eff/epPhiPro.pdf>
Package pdftex.def Info: Plots/Eff/epPhiPro.pdf used on input line 1204.
(pdftex.def)             Requested size: 307.28987pt x 166.93176pt.
 [62

 <./Plots/Eff/epPhiPro.pdf, page is rotated 90 degrees>] <Plots/Eff/emThetaPro.
pdf, id=3591, 569.12625pt x 309.155pt>
File: Plots/Eff/emThetaPro.pdf Graphic file (type pdf)

<use Plots/Eff/emThetaPro.pdf>
Package pdftex.def Info: Plots/Eff/emThetaPro.pdf used on input line 1210.
(pdftex.def)             Requested size: 307.28987pt x 166.93176pt.
 [63

 <./Plots/Eff/emThetaPro.pdf, page is rotated 90 degrees>] <Plots/Eff/epThetaPr
o.pdf, id=3640, 569.12625pt x 309.155pt>
File: Plots/Eff/epThetaPro.pdf Graphic file (type pdf)

<use Plots/Eff/epThetaPro.pdf>
Package pdftex.def Info: Plots/Eff/epThetaPro.pdf used on input line 1215.
(pdftex.def)             Requested size: 307.28987pt x 166.93176pt.
 [64

 <./Plots/Eff/epThetaPro.pdf, page is rotated 90 degrees>]
<Additional/RandomPhi_Data.pdf, id=3690, 569.12625pt x 309.155pt>
File: Additional/RandomPhi_Data.pdf Graphic file (type pdf)

<use Additional/RandomPhi_Data.pdf>
Package pdftex.def Info: Additional/RandomPhi_Data.pdf used on input line 1220.

(pdftex.def)             Requested size: 307.28987pt x 166.93176pt.
 [65

 <./Additional/RandomPhi_Data.pdf, page is rotated 90 degrees>]
<Additional/RandomTheta_Data.pdf, id=3739, 569.12625pt x 309.155pt>
File: Additional/RandomTheta_Data.pdf Graphic file (type pdf)

<use Additional/RandomTheta_Data.pdf>
Package pdftex.def Info: Additional/RandomTheta_Data.pdf used on input line 122
5.
(pdftex.def)             Requested size: 307.28987pt x 166.93176pt.
 [66

 <./Additional/RandomTheta_Data.pdf, page is rotated 90 degrees>]
<Additional/RandomTP_Data.pdf, id=3788, 569.12625pt x 309.155pt>
File: Additional/RandomTP_Data.pdf Graphic file (type pdf)

<use Additional/RandomTP_Data.pdf>
Package pdftex.def Info: Additional/RandomTP_Data.pdf used on input line 1230.
(pdftex.def)             Requested size: 307.28987pt x 166.93176pt.
 [67

 <./Additional/RandomTP_Data.pdf, page is rotated 90 degrees>]
<Additional/RandomPhi_MC.pdf, id=3838, 569.12625pt x 309.155pt>
File: Additional/RandomPhi_MC.pdf Graphic file (type pdf)

<use Additional/RandomPhi_MC.pdf>
Package pdftex.def Info: Additional/RandomPhi_MC.pdf used on input line 1235.
(pdftex.def)             Requested size: 307.28987pt x 166.93176pt.
 [68

 <./Additional/RandomPhi_MC.pdf, page is rotated 90 degrees>]
<Additional/RandomTheta_MC.pdf, id=3888, 569.12625pt x 309.155pt>
File: Additional/RandomTheta_MC.pdf Graphic file (type pdf)

<use Additional/RandomTheta_MC.pdf>
Package pdftex.def Info: Additional/RandomTheta_MC.pdf used on input line 1240.

(pdftex.def)             Requested size: 307.28987pt x 166.93176pt.
 [69

 <./Additional/RandomTheta_MC.pdf, page is rotated 90 degrees>]
<Additional/RandomTP_MC.pdf, id=3937, 569.12625pt x 309.155pt>
File: Additional/RandomTP_MC.pdf Graphic file (type pdf)

<use Additional/RandomTP_MC.pdf>
Package pdftex.def Info: Additional/RandomTP_MC.pdf used on input line 1245.
(pdftex.def)             Requested size: 307.28987pt x 166.93176pt.
 [70

 <./Additional/RandomTP_MC.pdf, page is rotated 90 degrees>]
File: Additional/RandomRatio.pdf Graphic file (type pdf)
 <use Additional/RandomRatio.pdf>
Package pdftex.def Info: Additional/RandomRatio.pdf used on input line 1251.
(pdftex.def)             Requested size: 307.28987pt x 166.93176pt.
 [71

]
<Momentum/MPhiRandom_MC.pdf, id=3991, 569.12625pt x 309.155pt>
File: Momentum/MPhiRandom_MC.pdf Graphic file (type pdf)

<use Momentum/MPhiRandom_MC.pdf>
Package pdftex.def Info: Momentum/MPhiRandom_MC.pdf used on input line 1266.
(pdftex.def)             Requested size: 307.28987pt x 166.93176pt.
 [72

 <./Momentum/MPhiRandom_MC.pdf, page is rotated 90 degrees>]
<Momentum/MThetaRandom_MC.pdf, id=4040, 569.12625pt x 309.155pt>
File: Momentum/MThetaRandom_MC.pdf Graphic file (type pdf)

<use Momentum/MThetaRandom_MC.pdf>
Package pdftex.def Info: Momentum/MThetaRandom_MC.pdf used on input line 1272.
(pdftex.def)             Requested size: 307.28987pt x 166.93176pt.
 [73

 <./Momentum/MThetaRandom_MC.pdf, page is rotated 90 degrees>]
<Momentum/MPhiem_MC.pdf, id=4090, 569.12625pt x 309.155pt>
File: Momentum/MPhiem_MC.pdf Graphic file (type pdf)

<use Momentum/MPhiem_MC.pdf>
Package pdftex.def Info: Momentum/MPhiem_MC.pdf used on input line 1276.
(pdftex.def)             Requested size: 307.28987pt x 166.93176pt.
 [74

 <./Momentum/MPhiem_MC.pdf, page is rotated 90 degrees>] <Momentum/MThetaem_MC.
pdf, id=4140, 569.12625pt x 309.155pt>
File: Momentum/MThetaem_MC.pdf Graphic file (type pdf)

<use Momentum/MThetaem_MC.pdf>
Package pdftex.def Info: Momentum/MThetaem_MC.pdf used on input line 1282.
(pdftex.def)             Requested size: 307.28987pt x 166.93176pt.
 [75

 <./Momentum/MThetaem_MC.pdf, page is rotated 90 degrees>] <Momentum/MPhiep_MC.
pdf, id=4189, 569.12625pt x 309.155pt>
File: Momentum/MPhiep_MC.pdf Graphic file (type pdf)

<use Momentum/MPhiep_MC.pdf>
Package pdftex.def Info: Momentum/MPhiep_MC.pdf used on input line 1287.
(pdftex.def)             Requested size: 307.28987pt x 166.93176pt.
 [76

 <./Momentum/MPhiep_MC.pdf, page is rotated 90 degrees>] <Momentum/MThetaep_MC.
pdf, id=4238, 569.12625pt x 309.155pt>
File: Momentum/MThetaep_MC.pdf Graphic file (type pdf)

<use Momentum/MThetaep_MC.pdf>
Package pdftex.def Info: Momentum/MThetaep_MC.pdf used on input line 1293.
(pdftex.def)             Requested size: 307.28987pt x 166.93176pt.
 [77

 <./Momentum/MThetaep_MC.pdf, page is rotated 90 degrees>] <Momentum/MPhiRandom
_Data.pdf, id=4287, 569.12625pt x 309.155pt>
File: Momentum/MPhiRandom_Data.pdf Graphic file (type pdf)

<use Momentum/MPhiRandom_Data.pdf>
Package pdftex.def Info: Momentum/MPhiRandom_Data.pdf used on input line 1306.
(pdftex.def)             Requested size: 307.28987pt x 166.93176pt.
 [78

 <./Momentum/MPhiRandom_Data.pdf, page is rotated 90 degrees>]
<Momentum/MThetaRandom_Data.pdf, id=4337, 569.12625pt x 309.155pt>
File: Momentum/MThetaRandom_Data.pdf Graphic file (type pdf)

<use Momentum/MThetaRandom_Data.pdf>
Package pdftex.def Info: Momentum/MThetaRandom_Data.pdf used on input line 1312
.
(pdftex.def)             Requested size: 307.28987pt x 166.93176pt.
 [79

 <./Momentum/MThetaRandom_Data.pdf, page is rotated 90 degrees>]
<Momentum/MPhiem_Data.pdf, id=4387, 569.12625pt x 309.155pt>
File: Momentum/MPhiem_Data.pdf Graphic file (type pdf)

<use Momentum/MPhiem_Data.pdf>
Package pdftex.def Info: Momentum/MPhiem_Data.pdf used on input line 1316.
(pdftex.def)             Requested size: 307.28987pt x 166.93176pt.
 [80

 <./Momentum/MPhiem_Data.pdf, page is rotated 90 degrees>] <Momentum/MThetaem_D
ata.pdf, id=4436, 569.12625pt x 309.155pt>
File: Momentum/MThetaem_Data.pdf Graphic file (type pdf)

<use Momentum/MThetaem_Data.pdf>
Package pdftex.def Info: Momentum/MThetaem_Data.pdf used on input line 1322.
(pdftex.def)             Requested size: 307.28987pt x 166.93176pt.
 [81

 <./Momentum/MThetaem_Data.pdf, page is rotated 90 degrees>] <Momentum/MPhiep_D
ata.pdf, id=4485, 569.12625pt x 309.155pt>
File: Momentum/MPhiep_Data.pdf Graphic file (type pdf)

<use Momentum/MPhiep_Data.pdf>
Package pdftex.def Info: Momentum/MPhiep_Data.pdf used on input line 1327.
(pdftex.def)             Requested size: 307.28987pt x 166.93176pt.
 [82

 <./Momentum/MPhiep_Data.pdf, page is rotated 90 degrees>] <Momentum/MThetaep_D
ata.pdf, id=4534, 569.12625pt x 309.155pt>
File: Momentum/MThetaep_Data.pdf Graphic file (type pdf)

<use Momentum/MThetaep_Data.pdf>
Package pdftex.def Info: Momentum/MThetaep_Data.pdf used on input line 1333.
(pdftex.def)             Requested size: 307.28987pt x 166.93176pt.
 [83

 <./Momentum/MThetaep_Data.pdf, page is rotated 90 degrees>]
<Momentum/tMPhiRandom_MC.pdf, id=4584, 569.12625pt x 309.155pt>
File: Momentum/tMPhiRandom_MC.pdf Graphic file (type pdf)

<use Momentum/tMPhiRandom_MC.pdf>
Package pdftex.def Info: Momentum/tMPhiRandom_MC.pdf used on input line 1343.
(pdftex.def)             Requested size: 307.28987pt x 166.93176pt.
 [84

 <./Momentum/tMPhiRandom_MC.pdf, page is rotated 90 degrees>]
<Momentum/tMThetaRandom_MC.pdf, id=4633, 569.12625pt x 309.155pt>
File: Momentum/tMThetaRandom_MC.pdf Graphic file (type pdf)

<use Momentum/tMThetaRandom_MC.pdf>
Package pdftex.def Info: Momentum/tMThetaRandom_MC.pdf used on input line 1349.

(pdftex.def)             Requested size: 307.28987pt x 166.93176pt.
 [85

 <./Momentum/tMThetaRandom_MC.pdf, page is rotated 90 degrees>]
<Momentum/tMPhiem_MC.pdf, id=4683, 569.12625pt x 309.155pt>
File: Momentum/tMPhiem_MC.pdf Graphic file (type pdf)

<use Momentum/tMPhiem_MC.pdf>
Package pdftex.def Info: Momentum/tMPhiem_MC.pdf used on input line 1353.
(pdftex.def)             Requested size: 307.28987pt x 166.93176pt.
 [86

 <./Momentum/tMPhiem_MC.pdf, page is rotated 90 degrees>] <Momentum/tMThetaem_M
C.pdf, id=4732, 569.12625pt x 309.155pt>
File: Momentum/tMThetaem_MC.pdf Graphic file (type pdf)

<use Momentum/tMThetaem_MC.pdf>
Package pdftex.def Info: Momentum/tMThetaem_MC.pdf used on input line 1359.
(pdftex.def)             Requested size: 307.28987pt x 166.93176pt.
 [87

 <./Momentum/tMThetaem_MC.pdf, page is rotated 90 degrees>] <Momentum/tMPhiep_M
C.pdf, id=4782, 569.12625pt x 309.155pt>
File: Momentum/tMPhiep_MC.pdf Graphic file (type pdf)

<use Momentum/tMPhiep_MC.pdf>
Package pdftex.def Info: Momentum/tMPhiep_MC.pdf used on input line 1364.
(pdftex.def)             Requested size: 307.28987pt x 166.93176pt.
 [88

 <./Momentum/tMPhiep_MC.pdf, page is rotated 90 degrees>] <Momentum/tMThetaep_M
C.pdf, id=4831, 569.12625pt x 309.155pt>
File: Momentum/tMThetaep_MC.pdf Graphic file (type pdf)

<use Momentum/tMThetaep_MC.pdf>
Package pdftex.def Info: Momentum/tMThetaep_MC.pdf used on input line 1370.
(pdftex.def)             Requested size: 307.28987pt x 166.93176pt.
 [89

 <./Momentum/tMThetaep_MC.pdf, page is rotated 90 degrees>]
<Momentum/tMPhiRandom_Data.pdf, id=4880, 569.12625pt x 309.155pt>
File: Momentum/tMPhiRandom_Data.pdf Graphic file (type pdf)

<use Momentum/tMPhiRandom_Data.pdf>
Package pdftex.def Info: Momentum/tMPhiRandom_Data.pdf used on input line 1376.

(pdftex.def)             Requested size: 307.28987pt x 166.93176pt.
 [90

 <./Momentum/tMPhiRandom_Data.pdf, page is rotated 90 degrees>]
<Momentum/tMThetaRandom_Data.pdf, id=4929, 569.12625pt x 309.155pt>
File: Momentum/tMThetaRandom_Data.pdf Graphic file (type pdf)

<use Momentum/tMThetaRandom_Data.pdf>
Package pdftex.def Info: Momentum/tMThetaRandom_Data.pdf used on input line 138
2.
(pdftex.def)             Requested size: 307.28987pt x 166.93176pt.
 [91

 <./Momentum/tMThetaRandom_Data.pdf, page is rotated 90 degrees>]
<Momentum/tMPhiem_Data.pdf, id=4979, 569.12625pt x 309.155pt>
File: Momentum/tMPhiem_Data.pdf Graphic file (type pdf)

<use Momentum/tMPhiem_Data.pdf>
Package pdftex.def Info: Momentum/tMPhiem_Data.pdf used on input line 1386.
(pdftex.def)             Requested size: 307.28987pt x 166.93176pt.
 [92

 <./Momentum/tMPhiem_Data.pdf, page is rotated 90 degrees>]
<Momentum/tMThetaem_Data.pdf, id=5029, 569.12625pt x 309.155pt>
File: Momentum/tMThetaem_Data.pdf Graphic file (type pdf)

<use Momentum/tMThetaem_Data.pdf>
Package pdftex.def Info: Momentum/tMThetaem_Data.pdf used on input line 1392.
(pdftex.def)             Requested size: 307.28987pt x 166.93176pt.
 [93

 <./Momentum/tMThetaem_Data.pdf, page is rotated 90 degrees>]
<Momentum/tMPhiep_Data.pdf, id=5078, 569.12625pt x 309.155pt>
File: Momentum/tMPhiep_Data.pdf Graphic file (type pdf)

<use Momentum/tMPhiep_Data.pdf>
Package pdftex.def Info: Momentum/tMPhiep_Data.pdf used on input line 1397.
(pdftex.def)             Requested size: 307.28987pt x 166.93176pt.
 [94

 <./Momentum/tMPhiep_Data.pdf, page is rotated 90 degrees>]
<Momentum/tMThetaep_Data.pdf, id=5127, 569.12625pt x 309.155pt>
File: Momentum/tMThetaep_Data.pdf Graphic file (type pdf)

<use Momentum/tMThetaep_Data.pdf>
Package pdftex.def Info: Momentum/tMThetaep_Data.pdf used on input line 1403.
(pdftex.def)             Requested size: 307.28987pt x 166.93176pt.
 [95

 <./Momentum/tMThetaep_Data.pdf, page is rotated 90 degrees>]
\tf@nav=\write6
\openout6 = `BhabhaEfficiency_MartinSobotzik.nav'.

\tf@toc=\write7
\openout7 = `BhabhaEfficiency_MartinSobotzik.toc'.

\tf@snm=\write8
\openout8 = `BhabhaEfficiency_MartinSobotzik.snm'.

Package atveryend Info: Empty hook `BeforeClearDocument' on input line 1408.
Package atveryend Info: Empty hook `AfterLastShipout' on input line 1408.
 (./BhabhaEfficiency_MartinSobotzik.aux)
Package atveryend Info: Executing hook `AtVeryEndDocument' on input line 1408.
Package atveryend Info: Executing hook `AtEndAfterFileList' on input line 1408.

Package rerunfilecheck Info: File `BhabhaEfficiency_MartinSobotzik.out' has not
 changed.
(rerunfilecheck)             Checksum: 59E04AA4CA2943424D6E44E74D191BAD;82.


LaTeX Font Warning: Size substitutions with differences
(Font)              up to 1.0pt have occurred.


LaTeX Font Warning: Some font shapes were not available, defaults substituted.

 ) 
Here is how much of TeX's memory you used:
 32564 strings out of 494852
 780176 string characters out of 6177656
 956288 words of memory out of 5000000
 34929 multiletter control sequences out of 15000+600000
 16598 words of font info for 60 fonts, out of 8000000 for 9000
 36 hyphenation exceptions out of 8191
 71i,13n,98p,1841b,723s stack positions out of 5000i,500n,10000p,200000b,80000s
</usr/share/texlive/texmf-dist/fonts/type1/public/amsfonts/cm/cmbx12.pfb></us
r/share/texlive/texmf-dist/fonts/type1/public/amsfonts/cm/cmmi10.pfb></usr/shar
e/texlive/texmf-dist/fonts/type1/public/amsfonts/cm/cmr10.pfb></usr/share/texli
ve/texmf-dist/fonts/type1/public/amsfonts/cm/cmr7.pfb></usr/share/texlive/texmf
-dist/fonts/type1/public/amsfonts/cm/cmr8.pfb></usr/share/texlive/texmf-dist/fo
nts/type1/public/amsfonts/cm/cmss10.pfb></usr/share/texlive/texmf-dist/fonts/ty
pe1/public/amsfonts/cm/cmss12.pfb></usr/share/texlive/texmf-dist/fonts/type1/pu
blic/amsfonts/cm/cmss8.pfb></usr/share/texlive/texmf-dist/fonts/type1/public/am
sfonts/cm/cmss9.pfb></usr/share/texlive/texmf-dist/fonts/type1/public/amsfonts/
cm/cmssbx10.pfb></usr/share/texlive/texmf-dist/fonts/type1/public/amsfonts/cm/c
mssi12.pfb></usr/share/texlive/texmf-dist/fonts/type1/public/amsfonts/cm/cmsy10
.pfb></usr/share/texlive/texmf-dist/fonts/type1/public/amsfonts/cm/cmsy7.pfb></
usr/share/texlive/texmf-dist/fonts/type1/public/amsfonts/cm/cmsy8.pfb>
Output written on BhabhaEfficiency_MartinSobotzik.pdf (95 pages, 9345269 bytes)
.
PDF statistics:
 5267 PDF objects out of 6186 (max. 8388607)
 2394 compressed objects within 24 object streams
 193 named destinations out of 1000 (max. 500000)
 599 words of extra memory for PDF output out of 10000 (max. 10000000)

