\BOOKMARK [0][-]{chapter.1}{Introduction}{}% 1
\BOOKMARK [0][-]{chapter.2}{Standard Model}{}% 2
\BOOKMARK [1][-]{section*.2}{The Standard Model}{chapter.2}% 3
\BOOKMARK [1][-]{figure.2.1}{Physics Beyond The Standard Model}{chapter.2}% 4
\BOOKMARK [0][-]{chapter.3}{Experimental Setup at SuperKEKB}{}% 5
\BOOKMARK [1][-]{section*.3}{KEKB and SuperKEKB}{chapter.3}% 6
\BOOKMARK [1][-]{figure.3.2}{The Belle II Detector}{chapter.3}% 7
\BOOKMARK [1][-]{figure.3.3}{Coordinate System}{chapter.3}% 8
\BOOKMARK [1][-]{figure.3.4}{Vertex detector}{chapter.3}% 9
\BOOKMARK [2][-]{figure.3.5}{Pixel Vertex Detector}{figure.3.4}% 10
\BOOKMARK [2][-]{figure.3.7}{Silicon Vertex Detector}{figure.3.4}% 11
\BOOKMARK [1][-]{figure.3.8}{Central Drift Chamber}{chapter.3}% 12
\BOOKMARK [1][-]{figure.3.9}{TOP and ARICH}{chapter.3}% 13
\BOOKMARK [1][-]{figure.3.11}{Electromagnetic Calorimeter}{chapter.3}% 14
\BOOKMARK [1][-]{equation.3.0.8}{KL0 and muon detector }{chapter.3}% 15
\BOOKMARK [0][-]{chapter.4}{Trigger and Data Acquisition System}{}% 16
\BOOKMARK [0][-]{chapter.5}{Tools}{}% 17
\BOOKMARK [1][-]{section*.4}{Root}{chapter.5}% 18
\BOOKMARK [1][-]{section*.4}{Basf2}{chapter.5}% 19
\BOOKMARK [0][-]{chapter.6}{Tracking Efficiencies}{}% 20
\BOOKMARK [1][-]{section*.5}{Definition of Efficiency}{chapter.6}% 21
\BOOKMARK [1][-]{equation.6.0.1}{Reproducing Sam Cunliffs Plots}{chapter.6}% 22
\BOOKMARK [0][-]{chapter.7}{Zusammenfassung und Ausblick}{}% 23
\BOOKMARK [0][-]{appendix.A}{Appendix}{}% 24
\BOOKMARK [1][-]{section*.6}{Tabellen und Abbildungen}{appendix.A}% 25
\BOOKMARK [1][-]{section*.6}{Weiterf\374hrende Details zur Arbeit}{appendix.A}% 26
\BOOKMARK [0][-]{chapter*.7}{List of Figures}{}% 27
\BOOKMARK [0][-]{chapter*.8}{List of Tables}{}% 28
\BOOKMARK [0][-]{chapter*.9}{Bibliography}{}% 29
\BOOKMARK [0][-]{appendix.B}{Danksagung}{}% 30
